2016-03-07 01:05:53  [ main:64344 ] - [ INFO ]  FrameworkServlet 'spring-dispatcher': initialization started
2016-03-07 01:05:53  [ main:64351 ] - [ INFO ]  Refreshing WebApplicationContext for namespace 'spring-dispatcher-servlet': startup date [Mon Mar 07 01:05:53 EST 2016]; parent: Root WebApplicationContext
2016-03-07 01:05:53  [ main:64352 ] - [ INFO ]  Loading XML bean definitions from ServletContext resource [/WEB-INF/spring-context.xml]
2016-03-07 01:05:53  [ main:64403 ] - [ INFO ]  Loading XML bean definitions from URL [jar:file:/Users/steve/.m2/repository/com/oncore/oncore-consulting-template-management/1.0-SNAPSHOT/oncore-consulting-template-management-1.0-SNAPSHOT.jar!/spring-context-template-management.xml]
2016-03-07 01:05:53  [ main:64457 ] - [ INFO ]  Loading XML bean definitions from URL [jar:file:/Users/steve/.m2/repository/com/oncore/oncore-consulting-common/1.0-SNAPSHOT/oncore-consulting-common-1.0-SNAPSHOT.jar!/spring/spring-context-common.xml]
2016-03-07 01:05:53  [ main:64488 ] - [ INFO ]  Loading XML bean definitions from class path resource [spring/spring-hibernate.xml]
2016-03-07 01:05:53  [ main:64508 ] - [ INFO ]  Loading XML bean definitions from class path resource [spring/spring-mvc.xml]
2016-03-07 01:05:53  [ main:64543 ] - [ INFO ]  Loading XML bean definitions from URL [jar:file:/Users/steve/.m2/repository/com/oncore/oncore-consulting-database-management/1.0-SNAPSHOT/oncore-consulting-database-management-1.0-SNAPSHOT.jar!/spring/spring-context-data-management.xml]
2016-03-07 01:05:53  [ main:64612 ] - [ INFO ]  Loading properties file from class path resource [properties/hibernate-development.properties]
2016-03-07 01:05:53  [ main:64614 ] - [ INFO ]  Loading properties file from class path resource [properties/app-development.properties]
2016-03-07 01:05:53  [ main:64626 ] - [ INFO ]  JSR-330 'javax.inject.Inject' annotation found and supported for autowiring
2016-03-07 01:05:53  [ main:64740 ] - [ INFO ]  Initializing c3p0 pool... com.mchange.v2.c3p0.ComboPooledDataSource [ acquireIncrement -> 3, acquireRetryAttempts -> 30, acquireRetryDelay -> 1000, autoCommitOnClose -> false, automaticTestTable -> null, breakAfterAcquireFailure -> false, checkoutTimeout -> 0, connectionCustomizerClassName -> null, connectionTesterClassName -> com.mchange.v2.c3p0.impl.DefaultConnectionTester, contextClassLoaderSource -> caller, dataSourceName -> 1hge13g9fm3vrps30ljkt|71139e77, debugUnreturnedConnectionStackTraces -> false, description -> null, driverClass -> com.mysql.jdbc.Driver, extensions -> {}, factoryClassLocation -> null, forceIgnoreUnresolvedTransactions -> false, forceSynchronousCheckins -> false, forceUseNamedDriverClass -> false, identityToken -> 1hge13g9fm3vrps30ljkt|71139e77, idleConnectionTestPeriod -> 0, initialPoolSize -> 1, jdbcUrl -> jdbc:mysql://localhost:3306/hibt, maxAdministrativeTaskTime -> 0, maxConnectionAge -> 0, maxIdleTime -> 1, maxIdleTimeExcessConnections -> 0, maxPoolSize -> 40, maxStatements -> 0, maxStatementsPerConnection -> 0, minPoolSize -> 1, numHelperThreads -> 3, preferredTestQuery -> null, privilegeSpawnedThreads -> false, properties -> {user=******, password=******}, propertyCycle -> 0, statementCacheNumDeferredCloseThreads -> 0, testConnectionOnCheckin -> false, testConnectionOnCheckout -> false, unreturnedConnectionTimeout -> 0, userOverrides -> {}, usesTraditionalReflectiveProxies -> false ]
2016-03-07 01:06:22  [ C3P0PooledConnectionPoolManager[identityToken->1hge13g9fm3vrps30ljkt|3f36e8d1]-HelperThread-#1:93414 ] - [ WARN ]  com.mchange.v2.resourcepool.BasicResourcePool$ScatteredAcquireTask@bbeb507 -- Acquisition Attempt Failed!!! Clearing pending acquires. While trying to acquire a needed new resource, we failed to succeed more than the maximum number of allowed acquisition attempts (30). Last acquisition attempt exception: 
com.mysql.jdbc.exceptions.jdbc4.CommunicationsException: Communications link failure

The last packet sent successfully to the server was 0 milliseconds ago. The driver has not received any packets from the server.
	at sun.reflect.GeneratedConstructorAccessor17.newInstance(Unknown Source)
	at sun.reflect.DelegatingConstructorAccessorImpl.newInstance(DelegatingConstructorAccessorImpl.java:45)
	at java.lang.reflect.Constructor.newInstance(Constructor.java:422)
	at com.mysql.jdbc.Util.handleNewInstance(Util.java:408)
	at com.mysql.jdbc.SQLError.createCommunicationsException(SQLError.java:1137)
	at com.mysql.jdbc.MysqlIO.<init>(MysqlIO.java:356)
	at com.mysql.jdbc.ConnectionImpl.coreConnect(ConnectionImpl.java:2504)
	at com.mysql.jdbc.ConnectionImpl.connectOneTryOnly(ConnectionImpl.java:2541)
	at com.mysql.jdbc.ConnectionImpl.createNewIO(ConnectionImpl.java:2323)
	at com.mysql.jdbc.ConnectionImpl.<init>(ConnectionImpl.java:832)
	at com.mysql.jdbc.JDBC4Connection.<init>(JDBC4Connection.java:46)
	at sun.reflect.GeneratedConstructorAccessor19.newInstance(Unknown Source)
	at sun.reflect.DelegatingConstructorAccessorImpl.newInstance(DelegatingConstructorAccessorImpl.java:45)
	at java.lang.reflect.Constructor.newInstance(Constructor.java:422)
	at com.mysql.jdbc.Util.handleNewInstance(Util.java:408)
	at com.mysql.jdbc.ConnectionImpl.getInstance(ConnectionImpl.java:417)
	at com.mysql.jdbc.NonRegisteringDriver.connect(NonRegisteringDriver.java:344)
	at com.mchange.v2.c3p0.DriverManagerDataSource.getConnection(DriverManagerDataSource.java:175)
	at com.mchange.v2.c3p0.WrapperConnectionPoolDataSource.getPooledConnection(WrapperConnectionPoolDataSource.java:220)
	at com.mchange.v2.c3p0.WrapperConnectionPoolDataSource.getPooledConnection(WrapperConnectionPoolDataSource.java:206)
	at com.mchange.v2.c3p0.impl.C3P0PooledConnectionPool$1PooledConnectionResourcePoolManager.acquireResource(C3P0PooledConnectionPool.java:203)
	at com.mchange.v2.resourcepool.BasicResourcePool.doAcquire(BasicResourcePool.java:1138)
	at com.mchange.v2.resourcepool.BasicResourcePool.doAcquireAndDecrementPendingAcquiresWithinLockOnSuccess(BasicResourcePool.java:1125)
	at com.mchange.v2.resourcepool.BasicResourcePool.access$700(BasicResourcePool.java:44)
	at com.mchange.v2.resourcepool.BasicResourcePool$ScatteredAcquireTask.run(BasicResourcePool.java:1870)
	at com.mchange.v2.async.ThreadPoolAsynchronousRunner$PoolThread.run(ThreadPoolAsynchronousRunner.java:696)
Caused by: java.net.ConnectException: Connection refused
	at java.net.PlainSocketImpl.socketConnect(Native Method)
	at java.net.AbstractPlainSocketImpl.doConnect(AbstractPlainSocketImpl.java:345)
	at java.net.AbstractPlainSocketImpl.connectToAddress(AbstractPlainSocketImpl.java:206)
	at java.net.AbstractPlainSocketImpl.connect(AbstractPlainSocketImpl.java:188)
	at java.net.SocksSocketImpl.connect(SocksSocketImpl.java:392)
	at java.net.Socket.connect(Socket.java:589)
	at java.net.Socket.connect(Socket.java:538)
	at java.net.Socket.<init>(Socket.java:434)
	at java.net.Socket.<init>(Socket.java:244)
	at com.mysql.jdbc.StandardSocketFactory.connect(StandardSocketFactory.java:258)
	at com.mysql.jdbc.MysqlIO.<init>(MysqlIO.java:306)
	... 20 more
2016-03-07 01:06:22  [ C3P0PooledConnectionPoolManager[identityToken->1hge13g9fm3vrps30ljkt|3f36e8d1]-HelperThread-#1:93430 ] - [ WARN ]  Having failed to acquire a resource, com.mchange.v2.resourcepool.BasicResourcePool@5eabff6b is interrupting all Threads waiting on a resource to check out. Will try again in response to new client requests.
2016-03-07 01:06:22  [ C3P0PooledConnectionPoolManager[identityToken->1hge13g9fm3vrps30ljkt|3f36e8d1]-HelperThread-#2:93414 ] - [ WARN ]  com.mchange.v2.resourcepool.BasicResourcePool$ScatteredAcquireTask@51fbea91 -- Acquisition Attempt Failed!!! Clearing pending acquires. While trying to acquire a needed new resource, we failed to succeed more than the maximum number of allowed acquisition attempts (30). Last acquisition attempt exception: 
com.mysql.jdbc.exceptions.jdbc4.CommunicationsException: Communications link failure

The last packet sent successfully to the server was 0 milliseconds ago. The driver has not received any packets from the server.
	at sun.reflect.GeneratedConstructorAccessor17.newInstance(Unknown Source)
	at sun.reflect.DelegatingConstructorAccessorImpl.newInstance(DelegatingConstructorAccessorImpl.java:45)
	at java.lang.reflect.Constructor.newInstance(Constructor.java:422)
	at com.mysql.jdbc.Util.handleNewInstance(Util.java:408)
	at com.mysql.jdbc.SQLError.createCommunicationsException(SQLError.java:1137)
	at com.mysql.jdbc.MysqlIO.<init>(MysqlIO.java:356)
	at com.mysql.jdbc.ConnectionImpl.coreConnect(ConnectionImpl.java:2504)
	at com.mysql.jdbc.ConnectionImpl.connectOneTryOnly(ConnectionImpl.java:2541)
	at com.mysql.jdbc.ConnectionImpl.createNewIO(ConnectionImpl.java:2323)
	at com.mysql.jdbc.ConnectionImpl.<init>(ConnectionImpl.java:832)
	at com.mysql.jdbc.JDBC4Connection.<init>(JDBC4Connection.java:46)
	at sun.reflect.GeneratedConstructorAccessor19.newInstance(Unknown Source)
	at sun.reflect.DelegatingConstructorAccessorImpl.newInstance(DelegatingConstructorAccessorImpl.java:45)
	at java.lang.reflect.Constructor.newInstance(Constructor.java:422)
	at com.mysql.jdbc.Util.handleNewInstance(Util.java:408)
	at com.mysql.jdbc.ConnectionImpl.getInstance(ConnectionImpl.java:417)
	at com.mysql.jdbc.NonRegisteringDriver.connect(NonRegisteringDriver.java:344)
	at com.mchange.v2.c3p0.DriverManagerDataSource.getConnection(DriverManagerDataSource.java:175)
	at com.mchange.v2.c3p0.WrapperConnectionPoolDataSource.getPooledConnection(WrapperConnectionPoolDataSource.java:220)
	at com.mchange.v2.c3p0.WrapperConnectionPoolDataSource.getPooledConnection(WrapperConnectionPoolDataSource.java:206)
	at com.mchange.v2.c3p0.impl.C3P0PooledConnectionPool$1PooledConnectionResourcePoolManager.acquireResource(C3P0PooledConnectionPool.java:203)
	at com.mchange.v2.resourcepool.BasicResourcePool.doAcquire(BasicResourcePool.java:1138)
	at com.mchange.v2.resourcepool.BasicResourcePool.doAcquireAndDecrementPendingAcquiresWithinLockOnSuccess(BasicResourcePool.java:1125)
	at com.mchange.v2.resourcepool.BasicResourcePool.access$700(BasicResourcePool.java:44)
	at com.mchange.v2.resourcepool.BasicResourcePool$ScatteredAcquireTask.run(BasicResourcePool.java:1870)
	at com.mchange.v2.async.ThreadPoolAsynchronousRunner$PoolThread.run(ThreadPoolAsynchronousRunner.java:696)
Caused by: java.net.ConnectException: Connection refused
	at java.net.PlainSocketImpl.socketConnect(Native Method)
	at java.net.AbstractPlainSocketImpl.doConnect(AbstractPlainSocketImpl.java:345)
	at java.net.AbstractPlainSocketImpl.connectToAddress(AbstractPlainSocketImpl.java:206)
	at java.net.AbstractPlainSocketImpl.connect(AbstractPlainSocketImpl.java:188)
	at java.net.SocksSocketImpl.connect(SocksSocketImpl.java:392)
	at java.net.Socket.connect(Socket.java:589)
	at java.net.Socket.connect(Socket.java:538)
	at java.net.Socket.<init>(Socket.java:434)
	at java.net.Socket.<init>(Socket.java:244)
	at com.mysql.jdbc.StandardSocketFactory.connect(StandardSocketFactory.java:258)
	at com.mysql.jdbc.MysqlIO.<init>(MysqlIO.java:306)
	... 20 more
2016-03-07 01:06:22  [ C3P0PooledConnectionPoolManager[identityToken->1hge13g9fm3vrps30ljkt|3f36e8d1]-HelperThread-#2:93456 ] - [ WARN ]  Having failed to acquire a resource, com.mchange.v2.resourcepool.BasicResourcePool@5eabff6b is interrupting all Threads waiting on a resource to check out. Will try again in response to new client requests.
2016-03-07 01:06:22  [ C3P0PooledConnectionPoolManager[identityToken->1hge13g9fm3vrps30ljkt|3f36e8d1]-HelperThread-#0:93414 ] - [ WARN ]  com.mchange.v2.resourcepool.BasicResourcePool$ScatteredAcquireTask@515169ac -- Acquisition Attempt Failed!!! Clearing pending acquires. While trying to acquire a needed new resource, we failed to succeed more than the maximum number of allowed acquisition attempts (30). Last acquisition attempt exception: 
com.mysql.jdbc.exceptions.jdbc4.CommunicationsException: Communications link failure

The last packet sent successfully to the server was 0 milliseconds ago. The driver has not received any packets from the server.
	at sun.reflect.GeneratedConstructorAccessor17.newInstance(Unknown Source)
	at sun.reflect.DelegatingConstructorAccessorImpl.newInstance(DelegatingConstructorAccessorImpl.java:45)
	at java.lang.reflect.Constructor.newInstance(Constructor.java:422)
	at com.mysql.jdbc.Util.handleNewInstance(Util.java:408)
	at com.mysql.jdbc.SQLError.createCommunicationsException(SQLError.java:1137)
	at com.mysql.jdbc.MysqlIO.<init>(MysqlIO.java:356)
	at com.mysql.jdbc.ConnectionImpl.coreConnect(ConnectionImpl.java:2504)
	at com.mysql.jdbc.ConnectionImpl.connectOneTryOnly(ConnectionImpl.java:2541)
	at com.mysql.jdbc.ConnectionImpl.createNewIO(ConnectionImpl.java:2323)
	at com.mysql.jdbc.ConnectionImpl.<init>(ConnectionImpl.java:832)
	at com.mysql.jdbc.JDBC4Connection.<init>(JDBC4Connection.java:46)
	at sun.reflect.GeneratedConstructorAccessor19.newInstance(Unknown Source)
	at sun.reflect.DelegatingConstructorAccessorImpl.newInstance(DelegatingConstructorAccessorImpl.java:45)
	at java.lang.reflect.Constructor.newInstance(Constructor.java:422)
	at com.mysql.jdbc.Util.handleNewInstance(Util.java:408)
	at com.mysql.jdbc.ConnectionImpl.getInstance(ConnectionImpl.java:417)
	at com.mysql.jdbc.NonRegisteringDriver.connect(NonRegisteringDriver.java:344)
	at com.mchange.v2.c3p0.DriverManagerDataSource.getConnection(DriverManagerDataSource.java:175)
	at com.mchange.v2.c3p0.WrapperConnectionPoolDataSource.getPooledConnection(WrapperConnectionPoolDataSource.java:220)
	at com.mchange.v2.c3p0.WrapperConnectionPoolDataSource.getPooledConnection(WrapperConnectionPoolDataSource.java:206)
	at com.mchange.v2.c3p0.impl.C3P0PooledConnectionPool$1PooledConnectionResourcePoolManager.acquireResource(C3P0PooledConnectionPool.java:203)
	at com.mchange.v2.resourcepool.BasicResourcePool.doAcquire(BasicResourcePool.java:1138)
	at com.mchange.v2.resourcepool.BasicResourcePool.doAcquireAndDecrementPendingAcquiresWithinLockOnSuccess(BasicResourcePool.java:1125)
	at com.mchange.v2.resourcepool.BasicResourcePool.access$700(BasicResourcePool.java:44)
	at com.mchange.v2.resourcepool.BasicResourcePool$ScatteredAcquireTask.run(BasicResourcePool.java:1870)
	at com.mchange.v2.async.ThreadPoolAsynchronousRunner$PoolThread.run(ThreadPoolAsynchronousRunner.java:696)
Caused by: java.net.ConnectException: Connection refused
	at java.net.PlainSocketImpl.socketConnect(Native Method)
	at java.net.AbstractPlainSocketImpl.doConnect(AbstractPlainSocketImpl.java:345)
	at java.net.AbstractPlainSocketImpl.connectToAddress(AbstractPlainSocketImpl.java:206)
	at java.net.AbstractPlainSocketImpl.connect(AbstractPlainSocketImpl.java:188)
	at java.net.SocksSocketImpl.connect(SocksSocketImpl.java:392)
	at java.net.Socket.connect(Socket.java:589)
	at java.net.Socket.connect(Socket.java:538)
	at java.net.Socket.<init>(Socket.java:434)
	at java.net.Socket.<init>(Socket.java:244)
	at com.mysql.jdbc.StandardSocketFactory.connect(StandardSocketFactory.java:258)
	at com.mysql.jdbc.MysqlIO.<init>(MysqlIO.java:306)
	... 20 more
2016-03-07 01:06:22  [ C3P0PooledConnectionPoolManager[identityToken->1hge13g9fm3vrps30ljkt|3f36e8d1]-HelperThread-#0:93471 ] - [ WARN ]  Having failed to acquire a resource, com.mchange.v2.resourcepool.BasicResourcePool@5eabff6b is interrupting all Threads waiting on a resource to check out. Will try again in response to new client requests.
2016-03-07 01:06:22  [ C3P0PooledConnectionPoolManager[identityToken->1hge13g9fm3vrps30ljkt|3f36e8d1]-HelperThread-#1:93432 ] - [ WARN ]  com.mchange.v2.resourcepool.BasicResourcePool$ScatteredAcquireTask@41227fd7 -- Acquisition Attempt Failed!!! Clearing pending acquires. While trying to acquire a needed new resource, we failed to succeed more than the maximum number of allowed acquisition attempts (30). Last acquisition attempt exception: 
com.mysql.jdbc.exceptions.jdbc4.CommunicationsException: Communications link failure

The last packet sent successfully to the server was 0 milliseconds ago. The driver has not received any packets from the server.
	at sun.reflect.GeneratedConstructorAccessor17.newInstance(Unknown Source)
	at sun.reflect.DelegatingConstructorAccessorImpl.newInstance(DelegatingConstructorAccessorImpl.java:45)
	at java.lang.reflect.Constructor.newInstance(Constructor.java:422)
	at com.mysql.jdbc.Util.handleNewInstance(Util.java:408)
	at com.mysql.jdbc.SQLError.createCommunicationsException(SQLError.java:1137)
	at com.mysql.jdbc.MysqlIO.<init>(MysqlIO.java:356)
	at com.mysql.jdbc.ConnectionImpl.coreConnect(ConnectionImpl.java:2504)
	at com.mysql.jdbc.ConnectionImpl.connectOneTryOnly(ConnectionImpl.java:2541)
	at com.mysql.jdbc.ConnectionImpl.createNewIO(ConnectionImpl.java:2323)
	at com.mysql.jdbc.ConnectionImpl.<init>(ConnectionImpl.java:832)
	at com.mysql.jdbc.JDBC4Connection.<init>(JDBC4Connection.java:46)
	at sun.reflect.GeneratedConstructorAccessor19.newInstance(Unknown Source)
	at sun.reflect.DelegatingConstructorAccessorImpl.newInstance(DelegatingConstructorAccessorImpl.java:45)
	at java.lang.reflect.Constructor.newInstance(Constructor.java:422)
	at com.mysql.jdbc.Util.handleNewInstance(Util.java:408)
	at com.mysql.jdbc.ConnectionImpl.getInstance(ConnectionImpl.java:417)
	at com.mysql.jdbc.NonRegisteringDriver.connect(NonRegisteringDriver.java:344)
	at com.mchange.v2.c3p0.DriverManagerDataSource.getConnection(DriverManagerDataSource.java:175)
	at com.mchange.v2.c3p0.WrapperConnectionPoolDataSource.getPooledConnection(WrapperConnectionPoolDataSource.java:220)
	at com.mchange.v2.c3p0.WrapperConnectionPoolDataSource.getPooledConnection(WrapperConnectionPoolDataSource.java:206)
	at com.mchange.v2.c3p0.impl.C3P0PooledConnectionPool$1PooledConnectionResourcePoolManager.acquireResource(C3P0PooledConnectionPool.java:203)
	at com.mchange.v2.resourcepool.BasicResourcePool.doAcquire(BasicResourcePool.java:1138)
	at com.mchange.v2.resourcepool.BasicResourcePool.doAcquireAndDecrementPendingAcquiresWithinLockOnSuccess(BasicResourcePool.java:1125)
	at com.mchange.v2.resourcepool.BasicResourcePool.access$700(BasicResourcePool.java:44)
	at com.mchange.v2.resourcepool.BasicResourcePool$ScatteredAcquireTask.run(BasicResourcePool.java:1870)
	at com.mchange.v2.async.ThreadPoolAsynchronousRunner$PoolThread.run(ThreadPoolAsynchronousRunner.java:696)
Caused by: java.net.ConnectException: Connection refused
	at java.net.PlainSocketImpl.socketConnect(Native Method)
	at java.net.AbstractPlainSocketImpl.doConnect(AbstractPlainSocketImpl.java:345)
	at java.net.AbstractPlainSocketImpl.connectToAddress(AbstractPlainSocketImpl.java:206)
	at java.net.AbstractPlainSocketImpl.connect(AbstractPlainSocketImpl.java:188)
	at java.net.SocksSocketImpl.connect(SocksSocketImpl.java:392)
	at java.net.Socket.connect(Socket.java:589)
	at java.net.Socket.connect(Socket.java:538)
	at java.net.Socket.<init>(Socket.java:434)
	at java.net.Socket.<init>(Socket.java:244)
	at com.mysql.jdbc.StandardSocketFactory.connect(StandardSocketFactory.java:258)
	at com.mysql.jdbc.MysqlIO.<init>(MysqlIO.java:306)
	... 20 more
2016-03-07 01:06:22  [ C3P0PooledConnectionPoolManager[identityToken->1hge13g9fm3vrps30ljkt|3f36e8d1]-HelperThread-#1:93476 ] - [ WARN ]  Having failed to acquire a resource, com.mchange.v2.resourcepool.BasicResourcePool@5eabff6b is interrupting all Threads waiting on a resource to check out. Will try again in response to new client requests.
2016-03-07 01:06:23  [ C3P0PooledConnectionPoolManager[identityToken->1hge13g9fm3vrps30ljkt|71139e77]-HelperThread-#2:94875 ] - [ WARN ]  com.mchange.v2.resourcepool.BasicResourcePool$ScatteredAcquireTask@5adbe2a1 -- Acquisition Attempt Failed!!! Clearing pending acquires. While trying to acquire a needed new resource, we failed to succeed more than the maximum number of allowed acquisition attempts (30). Last acquisition attempt exception: 
com.mysql.jdbc.exceptions.jdbc4.CommunicationsException: Communications link failure

The last packet sent successfully to the server was 0 milliseconds ago. The driver has not received any packets from the server.
	at sun.reflect.GeneratedConstructorAccessor17.newInstance(Unknown Source)
	at sun.reflect.DelegatingConstructorAccessorImpl.newInstance(DelegatingConstructorAccessorImpl.java:45)
	at java.lang.reflect.Constructor.newInstance(Constructor.java:422)
	at com.mysql.jdbc.Util.handleNewInstance(Util.java:408)
	at com.mysql.jdbc.SQLError.createCommunicationsException(SQLError.java:1137)
	at com.mysql.jdbc.MysqlIO.<init>(MysqlIO.java:356)
	at com.mysql.jdbc.ConnectionImpl.coreConnect(ConnectionImpl.java:2504)
	at com.mysql.jdbc.ConnectionImpl.connectOneTryOnly(ConnectionImpl.java:2541)
	at com.mysql.jdbc.ConnectionImpl.createNewIO(ConnectionImpl.java:2323)
	at com.mysql.jdbc.ConnectionImpl.<init>(ConnectionImpl.java:832)
	at com.mysql.jdbc.JDBC4Connection.<init>(JDBC4Connection.java:46)
	at sun.reflect.GeneratedConstructorAccessor19.newInstance(Unknown Source)
	at sun.reflect.DelegatingConstructorAccessorImpl.newInstance(DelegatingConstructorAccessorImpl.java:45)
	at java.lang.reflect.Constructor.newInstance(Constructor.java:422)
	at com.mysql.jdbc.Util.handleNewInstance(Util.java:408)
	at com.mysql.jdbc.ConnectionImpl.getInstance(ConnectionImpl.java:417)
	at com.mysql.jdbc.NonRegisteringDriver.connect(NonRegisteringDriver.java:344)
	at com.mchange.v2.c3p0.DriverManagerDataSource.getConnection(DriverManagerDataSource.java:175)
	at com.mchange.v2.c3p0.WrapperConnectionPoolDataSource.getPooledConnection(WrapperConnectionPoolDataSource.java:220)
	at com.mchange.v2.c3p0.WrapperConnectionPoolDataSource.getPooledConnection(WrapperConnectionPoolDataSource.java:206)
	at com.mchange.v2.c3p0.impl.C3P0PooledConnectionPool$1PooledConnectionResourcePoolManager.acquireResource(C3P0PooledConnectionPool.java:203)
	at com.mchange.v2.resourcepool.BasicResourcePool.doAcquire(BasicResourcePool.java:1138)
	at com.mchange.v2.resourcepool.BasicResourcePool.doAcquireAndDecrementPendingAcquiresWithinLockOnSuccess(BasicResourcePool.java:1125)
	at com.mchange.v2.resourcepool.BasicResourcePool.access$700(BasicResourcePool.java:44)
	at com.mchange.v2.resourcepool.BasicResourcePool$ScatteredAcquireTask.run(BasicResourcePool.java:1870)
	at com.mchange.v2.async.ThreadPoolAsynchronousRunner$PoolThread.run(ThreadPoolAsynchronousRunner.java:696)
Caused by: java.net.ConnectException: Connection refused
	at java.net.PlainSocketImpl.socketConnect(Native Method)
	at java.net.AbstractPlainSocketImpl.doConnect(AbstractPlainSocketImpl.java:345)
	at java.net.AbstractPlainSocketImpl.connectToAddress(AbstractPlainSocketImpl.java:206)
	at java.net.AbstractPlainSocketImpl.connect(AbstractPlainSocketImpl.java:188)
	at java.net.SocksSocketImpl.connect(SocksSocketImpl.java:392)
	at java.net.Socket.connect(Socket.java:589)
	at java.net.Socket.connect(Socket.java:538)
	at java.net.Socket.<init>(Socket.java:434)
	at java.net.Socket.<init>(Socket.java:244)
	at com.mysql.jdbc.StandardSocketFactory.connect(StandardSocketFactory.java:258)
	at com.mysql.jdbc.MysqlIO.<init>(MysqlIO.java:306)
	... 20 more
2016-03-07 01:06:23  [ C3P0PooledConnectionPoolManager[identityToken->1hge13g9fm3vrps30ljkt|71139e77]-HelperThread-#2:94876 ] - [ WARN ]  Having failed to acquire a resource, com.mchange.v2.resourcepool.BasicResourcePool@10745a02 is interrupting all Threads waiting on a resource to check out. Will try again in response to new client requests.
2016-03-07 01:06:23  [ C3P0PooledConnectionPoolManager[identityToken->1hge13g9fm3vrps30ljkt|71139e77]-HelperThread-#1:94875 ] - [ WARN ]  com.mchange.v2.resourcepool.BasicResourcePool$ScatteredAcquireTask@67480399 -- Acquisition Attempt Failed!!! Clearing pending acquires. While trying to acquire a needed new resource, we failed to succeed more than the maximum number of allowed acquisition attempts (30). Last acquisition attempt exception: 
com.mysql.jdbc.exceptions.jdbc4.CommunicationsException: Communications link failure

The last packet sent successfully to the server was 0 milliseconds ago. The driver has not received any packets from the server.
	at sun.reflect.GeneratedConstructorAccessor17.newInstance(Unknown Source)
	at sun.reflect.DelegatingConstructorAccessorImpl.newInstance(DelegatingConstructorAccessorImpl.java:45)
	at java.lang.reflect.Constructor.newInstance(Constructor.java:422)
	at com.mysql.jdbc.Util.handleNewInstance(Util.java:408)
	at com.mysql.jdbc.SQLError.createCommunicationsException(SQLError.java:1137)
	at com.mysql.jdbc.MysqlIO.<init>(MysqlIO.java:356)
	at com.mysql.jdbc.ConnectionImpl.coreConnect(ConnectionImpl.java:2504)
	at com.mysql.jdbc.ConnectionImpl.connectOneTryOnly(ConnectionImpl.java:2541)
	at com.mysql.jdbc.ConnectionImpl.createNewIO(ConnectionImpl.java:2323)
	at com.mysql.jdbc.ConnectionImpl.<init>(ConnectionImpl.java:832)
	at com.mysql.jdbc.JDBC4Connection.<init>(JDBC4Connection.java:46)
	at sun.reflect.GeneratedConstructorAccessor19.newInstance(Unknown Source)
	at sun.reflect.DelegatingConstructorAccessorImpl.newInstance(DelegatingConstructorAccessorImpl.java:45)
	at java.lang.reflect.Constructor.newInstance(Constructor.java:422)
	at com.mysql.jdbc.Util.handleNewInstance(Util.java:408)
	at com.mysql.jdbc.ConnectionImpl.getInstance(ConnectionImpl.java:417)
	at com.mysql.jdbc.NonRegisteringDriver.connect(NonRegisteringDriver.java:344)
	at com.mchange.v2.c3p0.DriverManagerDataSource.getConnection(DriverManagerDataSource.java:175)
	at com.mchange.v2.c3p0.WrapperConnectionPoolDataSource.getPooledConnection(WrapperConnectionPoolDataSource.java:220)
	at com.mchange.v2.c3p0.WrapperConnectionPoolDataSource.getPooledConnection(WrapperConnectionPoolDataSource.java:206)
	at com.mchange.v2.c3p0.impl.C3P0PooledConnectionPool$1PooledConnectionResourcePoolManager.acquireResource(C3P0PooledConnectionPool.java:203)
	at com.mchange.v2.resourcepool.BasicResourcePool.doAcquire(BasicResourcePool.java:1138)
	at com.mchange.v2.resourcepool.BasicResourcePool.doAcquireAndDecrementPendingAcquiresWithinLockOnSuccess(BasicResourcePool.java:1125)
	at com.mchange.v2.resourcepool.BasicResourcePool.access$700(BasicResourcePool.java:44)
	at com.mchange.v2.resourcepool.BasicResourcePool$ScatteredAcquireTask.run(BasicResourcePool.java:1870)
	at com.mchange.v2.async.ThreadPoolAsynchronousRunner$PoolThread.run(ThreadPoolAsynchronousRunner.java:696)
Caused by: java.net.ConnectException: Connection refused
	at java.net.PlainSocketImpl.socketConnect(Native Method)
	at java.net.AbstractPlainSocketImpl.doConnect(AbstractPlainSocketImpl.java:345)
	at java.net.AbstractPlainSocketImpl.connectToAddress(AbstractPlainSocketImpl.java:206)
	at java.net.AbstractPlainSocketImpl.connect(AbstractPlainSocketImpl.java:188)
	at java.net.SocksSocketImpl.connect(SocksSocketImpl.java:392)
	at java.net.Socket.connect(Socket.java:589)
	at java.net.Socket.connect(Socket.java:538)
	at java.net.Socket.<init>(Socket.java:434)
	at java.net.Socket.<init>(Socket.java:244)
	at com.mysql.jdbc.StandardSocketFactory.connect(StandardSocketFactory.java:258)
	at com.mysql.jdbc.MysqlIO.<init>(MysqlIO.java:306)
	... 20 more
2016-03-07 01:06:23  [ C3P0PooledConnectionPoolManager[identityToken->1hge13g9fm3vrps30ljkt|71139e77]-HelperThread-#1:94879 ] - [ WARN ]  Having failed to acquire a resource, com.mchange.v2.resourcepool.BasicResourcePool@10745a02 is interrupting all Threads waiting on a resource to check out. Will try again in response to new client requests.
2016-03-07 01:06:23  [ C3P0PooledConnectionPoolManager[identityToken->1hge13g9fm3vrps30ljkt|71139e77]-HelperThread-#0:94875 ] - [ WARN ]  com.mchange.v2.resourcepool.BasicResourcePool$ScatteredAcquireTask@40fcec8d -- Acquisition Attempt Failed!!! Clearing pending acquires. While trying to acquire a needed new resource, we failed to succeed more than the maximum number of allowed acquisition attempts (30). Last acquisition attempt exception: 
com.mysql.jdbc.exceptions.jdbc4.CommunicationsException: Communications link failure

The last packet sent successfully to the server was 0 milliseconds ago. The driver has not received any packets from the server.
	at sun.reflect.GeneratedConstructorAccessor17.newInstance(Unknown Source)
	at sun.reflect.DelegatingConstructorAccessorImpl.newInstance(DelegatingConstructorAccessorImpl.java:45)
	at java.lang.reflect.Constructor.newInstance(Constructor.java:422)
	at com.mysql.jdbc.Util.handleNewInstance(Util.java:408)
	at com.mysql.jdbc.SQLError.createCommunicationsException(SQLError.java:1137)
	at com.mysql.jdbc.MysqlIO.<init>(MysqlIO.java:356)
	at com.mysql.jdbc.ConnectionImpl.coreConnect(ConnectionImpl.java:2504)
	at com.mysql.jdbc.ConnectionImpl.connectOneTryOnly(ConnectionImpl.java:2541)
	at com.mysql.jdbc.ConnectionImpl.createNewIO(ConnectionImpl.java:2323)
	at com.mysql.jdbc.ConnectionImpl.<init>(ConnectionImpl.java:832)
	at com.mysql.jdbc.JDBC4Connection.<init>(JDBC4Connection.java:46)
	at sun.reflect.GeneratedConstructorAccessor19.newInstance(Unknown Source)
	at sun.reflect.DelegatingConstructorAccessorImpl.newInstance(DelegatingConstructorAccessorImpl.java:45)
	at java.lang.reflect.Constructor.newInstance(Constructor.java:422)
	at com.mysql.jdbc.Util.handleNewInstance(Util.java:408)
	at com.mysql.jdbc.ConnectionImpl.getInstance(ConnectionImpl.java:417)
	at com.mysql.jdbc.NonRegisteringDriver.connect(NonRegisteringDriver.java:344)
	at com.mchange.v2.c3p0.DriverManagerDataSource.getConnection(DriverManagerDataSource.java:175)
	at com.mchange.v2.c3p0.WrapperConnectionPoolDataSource.getPooledConnection(WrapperConnectionPoolDataSource.java:220)
	at com.mchange.v2.c3p0.WrapperConnectionPoolDataSource.getPooledConnection(WrapperConnectionPoolDataSource.java:206)
	at com.mchange.v2.c3p0.impl.C3P0PooledConnectionPool$1PooledConnectionResourcePoolManager.acquireResource(C3P0PooledConnectionPool.java:203)
	at com.mchange.v2.resourcepool.BasicResourcePool.doAcquire(BasicResourcePool.java:1138)
	at com.mchange.v2.resourcepool.BasicResourcePool.doAcquireAndDecrementPendingAcquiresWithinLockOnSuccess(BasicResourcePool.java:1125)
	at com.mchange.v2.resourcepool.BasicResourcePool.access$700(BasicResourcePool.java:44)
	at com.mchange.v2.resourcepool.BasicResourcePool$ScatteredAcquireTask.run(BasicResourcePool.java:1870)
	at com.mchange.v2.async.ThreadPoolAsynchronousRunner$PoolThread.run(ThreadPoolAsynchronousRunner.java:696)
Caused by: java.net.ConnectException: Connection refused
	at java.net.PlainSocketImpl.socketConnect(Native Method)
	at java.net.AbstractPlainSocketImpl.doConnect(AbstractPlainSocketImpl.java:345)
	at java.net.AbstractPlainSocketImpl.connectToAddress(AbstractPlainSocketImpl.java:206)
	at java.net.AbstractPlainSocketImpl.connect(AbstractPlainSocketImpl.java:188)
	at java.net.SocksSocketImpl.connect(SocksSocketImpl.java:392)
	at java.net.Socket.connect(Socket.java:589)
	at java.net.Socket.connect(Socket.java:538)
	at java.net.Socket.<init>(Socket.java:434)
	at java.net.Socket.<init>(Socket.java:244)
	at com.mysql.jdbc.StandardSocketFactory.connect(StandardSocketFactory.java:258)
	at com.mysql.jdbc.MysqlIO.<init>(MysqlIO.java:306)
	... 20 more
2016-03-07 01:06:23  [ C3P0PooledConnectionPoolManager[identityToken->1hge13g9fm3vrps30ljkt|71139e77]-HelperThread-#0:94903 ] - [ WARN ]  Having failed to acquire a resource, com.mchange.v2.resourcepool.BasicResourcePool@10745a02 is interrupting all Threads waiting on a resource to check out. Will try again in response to new client requests.
2016-03-07 01:06:23  [ C3P0PooledConnectionPoolManager[identityToken->1hge13g9fm3vrps30ljkt|71139e77]-HelperThread-#2:94880 ] - [ WARN ]  com.mchange.v2.resourcepool.BasicResourcePool$ScatteredAcquireTask@15211db1 -- Acquisition Attempt Failed!!! Clearing pending acquires. While trying to acquire a needed new resource, we failed to succeed more than the maximum number of allowed acquisition attempts (30). Last acquisition attempt exception: 
com.mysql.jdbc.exceptions.jdbc4.CommunicationsException: Communications link failure

The last packet sent successfully to the server was 0 milliseconds ago. The driver has not received any packets from the server.
	at sun.reflect.GeneratedConstructorAccessor17.newInstance(Unknown Source)
	at sun.reflect.DelegatingConstructorAccessorImpl.newInstance(DelegatingConstructorAccessorImpl.java:45)
	at java.lang.reflect.Constructor.newInstance(Constructor.java:422)
	at com.mysql.jdbc.Util.handleNewInstance(Util.java:408)
	at com.mysql.jdbc.SQLError.createCommunicationsException(SQLError.java:1137)
	at com.mysql.jdbc.MysqlIO.<init>(MysqlIO.java:356)
	at com.mysql.jdbc.ConnectionImpl.coreConnect(ConnectionImpl.java:2504)
	at com.mysql.jdbc.ConnectionImpl.connectOneTryOnly(ConnectionImpl.java:2541)
	at com.mysql.jdbc.ConnectionImpl.createNewIO(ConnectionImpl.java:2323)
	at com.mysql.jdbc.ConnectionImpl.<init>(ConnectionImpl.java:832)
	at com.mysql.jdbc.JDBC4Connection.<init>(JDBC4Connection.java:46)
	at sun.reflect.GeneratedConstructorAccessor19.newInstance(Unknown Source)
	at sun.reflect.DelegatingConstructorAccessorImpl.newInstance(DelegatingConstructorAccessorImpl.java:45)
	at java.lang.reflect.Constructor.newInstance(Constructor.java:422)
	at com.mysql.jdbc.Util.handleNewInstance(Util.java:408)
	at com.mysql.jdbc.ConnectionImpl.getInstance(ConnectionImpl.java:417)
	at com.mysql.jdbc.NonRegisteringDriver.connect(NonRegisteringDriver.java:344)
	at com.mchange.v2.c3p0.DriverManagerDataSource.getConnection(DriverManagerDataSource.java:175)
	at com.mchange.v2.c3p0.WrapperConnectionPoolDataSource.getPooledConnection(WrapperConnectionPoolDataSource.java:220)
	at com.mchange.v2.c3p0.WrapperConnectionPoolDataSource.getPooledConnection(WrapperConnectionPoolDataSource.java:206)
	at com.mchange.v2.c3p0.impl.C3P0PooledConnectionPool$1PooledConnectionResourcePoolManager.acquireResource(C3P0PooledConnectionPool.java:203)
	at com.mchange.v2.resourcepool.BasicResourcePool.doAcquire(BasicResourcePool.java:1138)
	at com.mchange.v2.resourcepool.BasicResourcePool.doAcquireAndDecrementPendingAcquiresWithinLockOnSuccess(BasicResourcePool.java:1125)
	at com.mchange.v2.resourcepool.BasicResourcePool.access$700(BasicResourcePool.java:44)
	at com.mchange.v2.resourcepool.BasicResourcePool$ScatteredAcquireTask.run(BasicResourcePool.java:1870)
	at com.mchange.v2.async.ThreadPoolAsynchronousRunner$PoolThread.run(ThreadPoolAsynchronousRunner.java:696)
Caused by: java.net.ConnectException: Connection refused
	at java.net.PlainSocketImpl.socketConnect(Native Method)
	at java.net.AbstractPlainSocketImpl.doConnect(AbstractPlainSocketImpl.java:345)
	at java.net.AbstractPlainSocketImpl.connectToAddress(AbstractPlainSocketImpl.java:206)
	at java.net.AbstractPlainSocketImpl.connect(AbstractPlainSocketImpl.java:188)
	at java.net.SocksSocketImpl.connect(SocksSocketImpl.java:392)
	at java.net.Socket.connect(Socket.java:589)
	at java.net.Socket.connect(Socket.java:538)
	at java.net.Socket.<init>(Socket.java:434)
	at java.net.Socket.<init>(Socket.java:244)
	at com.mysql.jdbc.StandardSocketFactory.connect(StandardSocketFactory.java:258)
	at com.mysql.jdbc.MysqlIO.<init>(MysqlIO.java:306)
	... 20 more
2016-03-07 01:06:23  [ C3P0PooledConnectionPoolManager[identityToken->1hge13g9fm3vrps30ljkt|71139e77]-HelperThread-#2:94912 ] - [ WARN ]  Having failed to acquire a resource, com.mchange.v2.resourcepool.BasicResourcePool@10745a02 is interrupting all Threads waiting on a resource to check out. Will try again in response to new client requests.
2016-03-07 01:06:23  [ main:94877 ] - [ WARN ]  HHH000342: Could not obtain connection to query metadata : Connections could not be acquired from the underlying database!
2016-03-07 01:06:23  [ main:94913 ] - [ INFO ]  HHH000400: Using dialect: org.hibernate.dialect.MySQLDialect
2016-03-07 01:06:23  [ main:94914 ] - [ INFO ]  HHH000422: Disabling contextual LOB creation as connection was null
2016-03-07 01:06:23  [ main:94941 ] - [ INFO ]  HHH000399: Using default transaction strategy (direct JDBC transactions)
2016-03-07 01:06:23  [ main:94942 ] - [ INFO ]  HHH000397: Using ASTQueryTranslatorFactory
2016-03-07 01:06:23  [ main:95053 ] - [ INFO ]  HHH000228: Running hbm2ddl schema update
2016-03-07 01:06:23  [ main:95054 ] - [ INFO ]  HHH000102: Fetching database metadata
2016-03-07 01:06:45  [ main:116289 ] - [ INFO ]  HHH000396: Updating schema
2016-03-07 01:06:45  [ main:116324 ] - [ INFO ]  HHH000261: Table found: hibt.element
2016-03-07 01:06:45  [ main:116324 ] - [ INFO ]  HHH000037: Columns: [createtime, deleted, module_id, name, description, id, updatetime]
2016-03-07 01:06:45  [ main:116326 ] - [ INFO ]  HHH000108: Foreign keys: []
2016-03-07 01:06:45  [ main:116326 ] - [ INFO ]  HHH000126: Indexes: [primary]
2016-03-07 01:06:45  [ main:116338 ] - [ INFO ]  HHH000261: Table found: hibt.entity
2016-03-07 01:06:45  [ main:116338 ] - [ INFO ]  HHH000037: Columns: [createtime, deleted, module_id, name, description, id, updatetime, tablename, hbmpath]
2016-03-07 01:06:45  [ main:116339 ] - [ INFO ]  HHH000108: Foreign keys: []
2016-03-07 01:06:45  [ main:116339 ] - [ INFO ]  HHH000126: Indexes: [primary]
2016-03-07 01:06:45  [ main:116351 ] - [ INFO ]  HHH000261: Table found: hibt.field
2016-03-07 01:06:45  [ main:116352 ] - [ INFO ]  HHH000037: Columns: [createtime, deleted, module_id, name, length, description, ifnull, id, updatetime, fieldtype, entity_id]
2016-03-07 01:06:45  [ main:116353 ] - [ INFO ]  HHH000108: Foreign keys: [fk_o596lc80ccb1rgvhnoku4fdo9]
2016-03-07 01:06:45  [ main:116354 ] - [ INFO ]  HHH000126: Indexes: [fk_o596lc80ccb1rgvhnoku4fdo9, primary]
2016-03-07 01:06:45  [ main:116365 ] - [ INFO ]  HHH000261: Table found: hibt.file_element
2016-03-07 01:06:45  [ main:116366 ] - [ INFO ]  HHH000037: Columns: [createtime, deleted, module_id, parentfoldid, name, description, id, updatetime]
2016-03-07 01:06:45  [ main:116366 ] - [ INFO ]  HHH000108: Foreign keys: []
2016-03-07 01:06:45  [ main:116367 ] - [ INFO ]  HHH000126: Indexes: [primary]
2016-03-07 01:06:45  [ main:116378 ] - [ INFO ]  HHH000261: Table found: hibt.folder_file_element
2016-03-07 01:06:45  [ main:116379 ] - [ INFO ]  HHH000037: Columns: [createtime, deleted, module_id, parentfoldid, depth, name, description, id, updatetime]
2016-03-07 01:06:45  [ main:116380 ] - [ INFO ]  HHH000108: Foreign keys: []
2016-03-07 01:06:45  [ main:116381 ] - [ INFO ]  HHH000126: Indexes: [primary]
2016-03-07 01:06:45  [ main:116391 ] - [ INFO ]  HHH000261: Table found: hibt.module
2016-03-07 01:06:45  [ main:116393 ] - [ INFO ]  HHH000037: Columns: [createtime, deleted, module_id, name, description, id, updatetime]
2016-03-07 01:06:45  [ main:116394 ] - [ INFO ]  HHH000108: Foreign keys: []
2016-03-07 01:06:45  [ main:116395 ] - [ INFO ]  HHH000126: Indexes: [primary]
2016-03-07 01:06:45  [ main:116411 ] - [ INFO ]  HHH000261: Table found: hibt.report_field
2016-03-07 01:06:45  [ main:116412 ] - [ INFO ]  HHH000037: Columns: [createtime, length, description, relatedfield_id, fieldtype, deleted, module_id, report_id, name, ifnull, id, updatetime, isrelatedfield]
2016-03-07 01:06:45  [ main:116412 ] - [ INFO ]  HHH000108: Foreign keys: [fk_qmru8iktsptb9m0nt6a5kj7yr, fk_t5oxbvi73rrwmoroikmhldvg9]
2016-03-07 01:06:45  [ main:116413 ] - [ INFO ]  HHH000126: Indexes: [fk_qmru8iktsptb9m0nt6a5kj7yr, fk_t5oxbvi73rrwmoroikmhldvg9, primary]
2016-03-07 01:06:45  [ main:116432 ] - [ INFO ]  HHH000261: Table found: hibt.report_file_element
2016-03-07 01:06:45  [ main:116433 ] - [ INFO ]  HHH000037: Columns: [createtime, parentfoldid, currentversion, description, folderid, hbmpath, deleted, module_id, name, id, updatetime, tablename, templatepath]
2016-03-07 01:06:45  [ main:116434 ] - [ INFO ]  HHH000108: Foreign keys: []
2016-03-07 01:06:45  [ main:116435 ] - [ INFO ]  HHH000126: Indexes: [primary]
2016-03-07 01:06:45  [ main:116436 ] - [ INFO ]  HHH000232: Schema update complete
2016-03-07 01:06:45  [ main:116473 ] - [ INFO ]  running GroovyFactory...
2016-03-07 01:06:45  [ main:116474 ] - [ INFO ]  setting application context...
2016-03-07 01:06:45  [ main:116515 ] - [ INFO ]  Using DataSource [com.mchange.v2.c3p0.ComboPooledDataSource[ identityToken -> 1hge13g9fm3vrps30ljkt|71139e77, dataSourceName -> 1hge13g9fm3vrps30ljkt|71139e77 ]] of Hibernate SessionFactory for HibernateTransactionManager
2016-03-07 01:06:45  [ main:116525 ] - [ INFO ]  Mapped "{[/admin/entities/{id}],methods=[DELETE],produces=[application/json]}" onto public org.springframework.http.ResponseEntity com.oncore.template.controller.EntityResource.delete(java.lang.String)
2016-03-07 01:06:45  [ main:116526 ] - [ INFO ]  Mapped "{[/admin/entities/],methods=[GET],produces=[application/json]}" onto public java.util.List<com.oncore.template.transfd.entities.EntityResponse> com.oncore.template.controller.EntityResource.getEntities()
2016-03-07 01:06:45  [ main:116527 ] - [ INFO ]  Mapped "{[/admin/entities/{id}],methods=[GET],produces=[application/json]}" onto public com.oncore.template.transfd.entities.EntityResponse com.oncore.template.controller.EntityResource.getEntity(java.lang.String)
2016-03-07 01:06:45  [ main:116527 ] - [ INFO ]  Mapped "{[/admin/entities/{id}],methods=[PUT],produces=[application/json]}" onto public com.oncore.template.transfd.entities.EntityResponse com.oncore.template.controller.EntityResource.updateEntity(com.oncore.template.transfd.entities.UpdateEntityRequest)
2016-03-07 01:06:45  [ main:116529 ] - [ INFO ]  Mapped "{[/admin/folders/{id}],methods=[GET],produces=[application/json]}" onto public com.oncore.template.transfd.file_element.folder.FolderResponse com.oncore.template.controller.FolderResource.getFolder(java.lang.String)
2016-03-07 01:06:45  [ main:116537 ] - [ INFO ]  Mapped "{[/admin/folders/{parent_id}/sub_folder/],methods=[POST],produces=[application/json]}" onto public com.oncore.template.transfd.file_element.folder.FolderResponse com.oncore.template.controller.FolderResource.createSubFolderToParent(java.lang.String,org.springframework.security.core.context.SecurityContextHolder,com.oncore.template.transfd.file_element.folder.CreateFolderToParentFolderRequest)
2016-03-07 01:06:45  [ main:116538 ] - [ INFO ]  Mapped "{[/admin/folders/{parent_id}/sub_folder/],methods=[GET],produces=[application/json]}" onto public java.util.List<com.oncore.template.transfd.file_element.folder.FolderResponse> com.oncore.template.controller.FolderResource.getChildFoldersUnderParentFolder(java.lang.String)
2016-03-07 01:06:45  [ main:116540 ] - [ INFO ]  Mapped "{[/admin/folders/{folderId}/reports/],methods=[GET],produces=[application/json]}" onto public java.util.List<com.oncore.template.transfd.report.ReportResponse> com.oncore.template.controller.FolderResource.getReportsUnderFolder(java.lang.String)
2016-03-07 01:06:45  [ main:116542 ] - [ INFO ]  Mapped "{[/admin/folders/{id}/],methods=[PUT],produces=[application/json]}" onto public com.oncore.template.transfd.file_element.folder.FolderResponse com.oncore.template.controller.FolderResource.updateFolder(java.lang.String,com.oncore.template.transfd.file_element.folder.UpdateFolderRequest)
2016-03-07 01:06:45  [ main:116543 ] - [ INFO ]  Mapped "{[/admin/modules/{id}/],methods=[GET],produces=[application/json]}" onto public com.oncore.template.transfd.module.ModuleResponse com.oncore.template.controller.ModuleResource.getModule(java.lang.String)
2016-03-07 01:06:45  [ main:116544 ] - [ INFO ]  Mapped "{[/admin/modules/],methods=[GET],produces=[application/json]}" onto public java.util.List<com.oncore.template.transfd.module.ModuleResponse> com.oncore.template.controller.ModuleResource.getModules()
2016-03-07 01:06:45  [ main:116544 ] - [ INFO ]  Mapped "{[/admin/modules/{id}/],methods=[PUT],produces=[application/json]}" onto public com.oncore.template.transfd.module.ModuleResponse com.oncore.template.controller.ModuleResource.updateModule(java.lang.String,com.oncore.template.transfd.module.CreateModuleRequest)
2016-03-07 01:06:45  [ main:116545 ] - [ INFO ]  Mapped "{[/admin/modules/],methods=[POST],produces=[application/json]}" onto public com.oncore.template.transfd.module.ModuleResponse com.oncore.template.controller.ModuleResource.createModule(com.oncore.template.transfd.module.CreateModuleRequest)
2016-03-07 01:06:45  [ main:116545 ] - [ INFO ]  Mapped "{[/admin/modules/{id}/entities/],methods=[GET],produces=[application/json]}" onto public java.util.List<com.oncore.template.transfd.entities.EntityResponse> com.oncore.template.controller.ModuleResource.getEntitiesOfModule(java.lang.String)
2016-03-07 01:06:45  [ main:116546 ] - [ INFO ]  Mapped "{[/admin/modules/{id}/folders/],methods=[GET],produces=[application/json]}" onto public java.util.List<com.oncore.template.transfd.file_element.folder.FolderResponse> com.oncore.template.controller.ModuleResource.getFoldersOfModule(java.lang.String)
2016-03-07 01:06:45  [ main:116546 ] - [ INFO ]  Mapped "{[/admin/modules/{id}/folders/],methods=[POST],produces=[application/json]}" onto public com.oncore.template.transfd.file_element.folder.FolderResponse com.oncore.template.controller.ModuleResource.createFolderUnderModule(java.lang.String,com.oncore.template.transfd.file_element.folder.CreateRootFolderRequest)
2016-03-07 01:06:45  [ main:116547 ] - [ INFO ]  Mapped "{[/admin/modules/{id}/entities/],methods=[POST],produces=[application/json]}" onto public com.oncore.template.transfd.entities.EntityResponse com.oncore.template.controller.ModuleResource.createEntityUnderModule(java.lang.String,com.oncore.template.transfd.entities.CreateEntityRequest)
2016-03-07 01:06:45  [ main:116549 ] - [ INFO ]  Mapped "{[/admin/modules/{id}/tree/],methods=[GET],produces=[application/json]}" onto public com.oncore.template.transfd.module.ModuleTreeResponse com.oncore.template.controller.ModuleResource.getModuleTree(java.lang.String)
2016-03-07 01:06:45  [ main:116551 ] - [ INFO ]  Mapped "{[/admin/reports/{id}/],methods=[DELETE],produces=[application/json]}" onto public org.springframework.http.ResponseEntity com.oncore.template.controller.ReportResource.delete(java.lang.String)
2016-03-07 01:06:45  [ main:116554 ] - [ INFO ]  Mapped "{[/admin/reports/],methods=[GET],produces=[application/json]}" onto public java.util.List<com.oncore.template.transfd.report.ReportResponse> com.oncore.template.controller.ReportResource.getReports()
2016-03-07 01:06:45  [ main:116555 ] - [ INFO ]  Mapped "{[/admin/reports/],methods=[POST],produces=[application/json]}" onto public com.oncore.template.transfd.report.ReportResponse com.oncore.template.controller.ReportResource.createReport(com.oncore.template.transfd.report.CreateReportRequest)
2016-03-07 01:06:45  [ main:116556 ] - [ INFO ]  Mapped "{[/admin/reports/{id}/],methods=[GET],produces=[application/json]}" onto public com.oncore.template.transfd.report.ReportResponse com.oncore.template.controller.ReportResource.gerReport(java.lang.String)
2016-03-07 01:06:45  [ main:116605 ] - [ INFO ]  Looking for @ControllerAdvice: WebApplicationContext for namespace 'spring-dispatcher-servlet': startup date [Mon Mar 07 01:05:53 EST 2016]; parent: Root WebApplicationContext
2016-03-07 01:06:45  [ main:116643 ] - [ INFO ]  Looking for @ControllerAdvice: WebApplicationContext for namespace 'spring-dispatcher-servlet': startup date [Mon Mar 07 01:05:53 EST 2016]; parent: Root WebApplicationContext
2016-03-07 01:06:45  [ main:116666 ] - [ INFO ]  Detected @ExceptionHandler methods in commonExceptionHandler
2016-03-07 01:06:45  [ main:116728 ] - [ INFO ]  FrameworkServlet 'spring-dispatcher': initialization completed in 52380 ms
2016-03-07 01:08:12  [ qtp953528583-16:203182 ] - [ INFO ]  found module id=4028818c534a8b6c01534a97c7ff0002 name=1111111111111111111111
2016-03-07 01:17:12  [ qtp953528583-15:744159 ] - [ INFO ]  found module id=4028818c534a8b6c01534a97c7ff0002 name=1111111111111111111111
2016-03-07 01:18:57  [ qtp953528583-15:849017 ] - [ INFO ]  found module id=4028818c534a8b6c01534a97c7ff0002 name=1111111111111111111111
2016-03-07 01:19:37  [ qtp953528583-19:888642 ] - [ INFO ]  found module id=4028818c534a8b6c01534a97c7ff0002 name=1111111111111111111111
2016-03-07 01:26:35  [ qtp953528583-16:1306960 ] - [ INFO ]  found module id=4028818c534a8b6c01534a97c7ff0002 name=1111111111111111111111
2016-03-07 01:28:14  [ qtp953528583-16:1405466 ] - [ INFO ]  found module id=4028818c534a8b6c01534a97c7ff0002 name=1111111111111111111111
2016-03-07 01:35:29  [ qtp953528583-17:1840967 ] - [ INFO ]  found module id=4028818c534a8b6c01534a97c7ff0002 name=1111111111111111111111
2016-03-07 01:36:21  [ qtp953528583-14:1892986 ] - [ INFO ]  found module id=4028818c534a8b6c01534a97c7ff0002 name=1111111111111111111111
2016-03-07 01:41:05  [ qtp953528583-14:2176641 ] - [ INFO ]  found module id=4028818c534a8b6c01534a97c7ff0002 name=1111111111111111111111
2016-03-07 01:41:20  [ qtp953528583-19:2191809 ] - [ INFO ]  saving Module 1233
2016-03-07 01:41:20  [ qtp953528583-19:2191820 ] - [ INFO ]  save Module 1233 success
2016-03-07 01:41:23  [ qtp953528583-16:2195171 ] - [ INFO ]  saving Module 1233
2016-03-07 01:41:24  [ qtp953528583-16:2195172 ] - [ INFO ]  save Module 1233 success
2016-03-07 01:41:24  [ qtp953528583-14:2195987 ] - [ INFO ]  saving Module 1233
2016-03-07 01:41:24  [ qtp953528583-14:2195988 ] - [ INFO ]  save Module 1233 success
2016-03-07 01:41:25  [ qtp953528583-17:2196499 ] - [ INFO ]  saving Module 1233
2016-03-07 01:41:25  [ qtp953528583-17:2196500 ] - [ INFO ]  save Module 1233 success
2016-03-07 01:41:25  [ qtp953528583-16:2196508 ] - [ INFO ]  saving Module 1233
2016-03-07 01:41:25  [ qtp953528583-16:2196509 ] - [ INFO ]  save Module 1233 success
2016-03-07 01:41:25  [ qtp953528583-15:2196521 ] - [ INFO ]  saving Module 1233
2016-03-07 01:41:25  [ qtp953528583-15:2196522 ] - [ INFO ]  save Module 1233 success
2016-03-07 01:41:26  [ qtp953528583-16:2197735 ] - [ INFO ]  saving Module 1233
2016-03-07 01:41:26  [ qtp953528583-16:2197736 ] - [ INFO ]  save Module 1233 success
2016-03-07 01:41:26  [ qtp953528583-15:2197736 ] - [ INFO ]  saving Module 1233
2016-03-07 01:41:26  [ qtp953528583-15:2197738 ] - [ INFO ]  save Module 1233 success
2016-03-07 01:41:26  [ qtp953528583-14:2197740 ] - [ INFO ]  saving Module 1233
2016-03-07 01:41:26  [ qtp953528583-14:2197740 ] - [ INFO ]  save Module 1233 success
2016-03-07 01:41:26  [ qtp953528583-15:2197932 ] - [ INFO ]  saving Module 1233
2016-03-07 01:41:26  [ qtp953528583-15:2197932 ] - [ INFO ]  save Module 1233 success
2016-03-07 01:41:27  [ qtp953528583-19:2198863 ] - [ INFO ]  saving Module 1233
2016-03-07 01:41:27  [ qtp953528583-19:2198864 ] - [ INFO ]  save Module 1233 success
2016-03-07 01:41:29  [ qtp953528583-16:2200600 ] - [ INFO ]  saving Module 1233
2016-03-07 01:41:29  [ qtp953528583-16:2200601 ] - [ INFO ]  save Module 1233 success
2016-03-07 01:42:17  [ qtp953528583-19:2248742 ] - [ INFO ]  found module id=4028818c534a8b6c01534a97c7ff0002 name=1111111111111111111111
2016-03-07 01:42:46  [ qtp953528583-14:2277208 ] - [ INFO ]  saving Module dddaaawwwwdd
2016-03-07 01:42:46  [ qtp953528583-14:2277209 ] - [ INFO ]  save Module dddaaawwwwdd success
2016-03-07 01:42:56  [ qtp953528583-17:2287748 ] - [ INFO ]  saving Module dddaaawwwwdd
2016-03-07 01:42:56  [ qtp953528583-17:2287749 ] - [ INFO ]  save Module dddaaawwwwdd success
2016-03-07 01:42:57  [ qtp953528583-15:2288557 ] - [ INFO ]  saving Module dddaaawwwwdd
2016-03-07 01:42:57  [ qtp953528583-15:2288558 ] - [ INFO ]  save Module dddaaawwwwdd success
2016-03-07 01:42:59  [ qtp953528583-19:2290303 ] - [ INFO ]  saving Module dddaaawwwwdd
2016-03-07 01:42:59  [ qtp953528583-19:2290304 ] - [ INFO ]  save Module dddaaawwwwdd success
2016-03-07 01:42:59  [ qtp953528583-16:2290810 ] - [ INFO ]  saving Module dddaaawwwwdd
2016-03-07 01:42:59  [ qtp953528583-16:2290811 ] - [ INFO ]  save Module dddaaawwwwdd success
2016-03-07 01:42:59  [ qtp953528583-15:2290816 ] - [ INFO ]  saving Module dddaaawwwwdd
2016-03-07 01:42:59  [ qtp953528583-15:2290817 ] - [ INFO ]  save Module dddaaawwwwdd success
2016-03-07 01:42:59  [ qtp953528583-14:2290818 ] - [ INFO ]  saving Module dddaaawwwwdd
2016-03-07 01:42:59  [ qtp953528583-14:2290818 ] - [ INFO ]  save Module dddaaawwwwdd success
2016-03-07 01:43:00  [ qtp953528583-14:2291241 ] - [ INFO ]  saving Module dddaaawwwwdd
2016-03-07 01:43:00  [ qtp953528583-14:2291241 ] - [ INFO ]  save Module dddaaawwwwdd success
2016-03-07 01:43:00  [ qtp953528583-14:2292052 ] - [ INFO ]  saving Module dddaaawwwwdd
2016-03-07 01:43:00  [ qtp953528583-19:2292052 ] - [ INFO ]  saving Module dddaaawwwwdd
2016-03-07 01:43:00  [ qtp953528583-19:2292053 ] - [ INFO ]  save Module dddaaawwwwdd success
2016-03-07 01:43:00  [ qtp953528583-15:2292052 ] - [ INFO ]  saving Module dddaaawwwwdd
2016-03-07 01:43:00  [ qtp953528583-15:2292054 ] - [ INFO ]  save Module dddaaawwwwdd success
2016-03-07 01:43:00  [ qtp953528583-16:2292052 ] - [ INFO ]  saving Module dddaaawwwwdd
2016-03-07 01:43:00  [ qtp953528583-16:2292055 ] - [ INFO ]  save Module dddaaawwwwdd success
2016-03-07 01:43:00  [ qtp953528583-14:2292052 ] - [ INFO ]  save Module dddaaawwwwdd success
2016-03-07 01:45:32  [ qtp953528583-19:2443188 ] - [ INFO ]  found module id=4028818c534a8b6c01534a97c7ff0002 name=1111111111111111111111
2016-03-07 01:45:43  [ qtp953528583-15:2454453 ] - [ INFO ]  saving Module dddaaawwwwdd
2016-03-07 01:45:43  [ qtp953528583-15:2454454 ] - [ INFO ]  save Module dddaaawwwwdd success
2016-03-07 01:45:55  [ qtp953528583-65:2466967 ] - [ INFO ]  found module id=4028818c534a595101534a596ca20000 name=dddaaawwwwdd
2016-03-07 01:46:10  [ qtp953528583-19:2481695 ] - [ INFO ]  saving Module qqqqqqqqqqqqqqqqq
2016-03-07 01:46:10  [ qtp953528583-19:2481695 ] - [ INFO ]  save Module qqqqqqqqqqqqqqqqq success
2016-03-07 01:49:23  [ qtp953528583-17:2674202 ] - [ INFO ]  found module id=4028818c534a595101534a596ca20000 name=dddaaawwwwdd
2016-03-07 01:49:35  [ qtp953528583-19:2686712 ] - [ INFO ]  saving Module dddaaawwwwdd
2016-03-07 01:49:35  [ qtp953528583-19:2686713 ] - [ INFO ]  save Module dddaaawwwwdd success
2016-03-07 01:50:48  [ qtp953528583-17:2759506 ] - [ INFO ]  found module id=4028818c534a595101534a596ca20000 name=dddaaawwwwdd
2016-03-07 01:51:14  [ qtp953528583-15:2785693 ] - [ INFO ]  saving Module laddd
2016-03-07 01:51:14  [ qtp953528583-15:2785695 ] - [ INFO ]  save Module laddd success
2016-03-07 01:55:12  [ qtp953528583-14:3023290 ] - [ INFO ]  found module id=4028818c534a595101534a596ca20000 name=dddaaawwwwdd
2016-03-07 01:57:29  [ qtp953528583-14:3160920 ] - [ INFO ]  found module id=4028818c534a595101534a596ca20000 name=dddaaawwwwdd
2016-03-07 02:02:00  [ qtp953528583-15:3431625 ] - [ INFO ]  found module id=4028818c534fae1201534fd814da001b name=laddd
2016-03-07 02:10:12  [ qtp953528583-19:3923604 ] - [ INFO ]  found module id=4028818c534a595101534a596ca20000 name=dddaaawwwwdd
2016-03-07 02:12:37  [ qtp953528583-14:4069118 ] - [ INFO ]  found module id=4028818c534a595101534a596ca20000 name=dddaaawwwwdd
2016-03-07 02:14:21  [ qtp953528583-17:4172433 ] - [ INFO ]  saving Module 111111
2016-03-07 02:14:21  [ qtp953528583-17:4172435 ] - [ INFO ]  save Module 111111 success
2016-03-07 02:17:55  [ qtp953528583-15:4386345 ] - [ INFO ]  found module id=4028818c534a595101534a596ca20000 name=dddaaawwwwdd
2016-03-07 02:20:14  [ qtp953528583-19:4525977 ] - [ INFO ]  found module id=4028818c534a8b6c01534a97c7ff0002 name=1111111111111111111111
2016-03-07 02:24:44  [ qtp953528583-19:4795950 ] - [ INFO ]  found module id=4028818c534a595101534a596ca20000 name=dddaaawwwwdd
2016-03-07 02:32:14  [ qtp953528583-19:5245999 ] - [ INFO ]  found module id=4028818c534a595101534a596ca20000 name=dddaaawwwwdd
2016-03-07 02:34:07  [ qtp953528583-17:5358955 ] - [ INFO ]  found module id=4028818c534a595101534a596ca20000 name=dddaaawwwwdd
2016-03-07 02:36:53  [ qtp953528583-65:5524731 ] - [ INFO ]  found module id=4028818c534a595101534a596ca20000 name=dddaaawwwwdd
2016-03-07 02:40:20  [ qtp953528583-17:5731787 ] - [ INFO ]  found module id=4028818c534a595101534a596ca20000 name=dddaaawwwwdd
2016-03-07 02:44:12  [ qtp953528583-65:5963929 ] - [ INFO ]  found module id=4028818c534a595101534a596ca20000 name=dddaaawwwwdd
2016-03-07 02:50:20  [ qtp953528583-15:6331860 ] - [ INFO ]  found module id=4028818c534a595101534a596ca20000 name=dddaaawwwwdd
2016-03-07 03:01:37  [ qtp953528583-19:7008570 ] - [ INFO ]  found module id=4028818c534a595101534a596ca20000 name=dddaaawwwwdd
2016-03-07 03:04:13  [ qtp953528583-14:7164370 ] - [ INFO ]  found module id=4028818c534a595101534a596ca20000 name=dddaaawwwwdd
2016-03-07 03:04:56  [ qtp953528583-14:7207276 ] - [ INFO ]  found module id=4028818c534a595101534a596ca20000 name=dddaaawwwwdd
2016-03-07 03:05:08  [ qtp953528583-65:7220075 ] - [ INFO ]  found module id=4028818c534a595101534a596ca20000 name=dddaaawwwwdd
2016-03-07 03:05:14  [ qtp953528583-19:7225612 ] - [ INFO ]  found module id=4028818c534a595101534a596ca20000 name=dddaaawwwwdd
2016-03-07 03:06:54  [ qtp953528583-14:7325868 ] - [ INFO ]  found module id=4028818c534a595101534a596ca20000 name=dddaaawwwwdd
2016-03-07 03:13:40  [ qtp953528583-65:7731710 ] - [ INFO ]  found module id=4028818c534a595101534a596ca20000 name=dddaaawwwwdd
2016-03-07 03:18:32  [ qtp953528583-15:8023725 ] - [ INFO ]  found module id=4028818c534a595101534a596ca20000 name=dddaaawwwwdd
2016-03-07 03:21:35  [ qtp953528583-14:8206403 ] - [ INFO ]  found module id=4028818c534a595101534a596ca20000 name=dddaaawwwwdd
2016-03-07 03:29:19  [ qtp953528583-65:8670884 ] - [ INFO ]  found module id=4028818c534a595101534a596ca20000 name=dddaaawwwwdd
2016-03-07 03:34:08  [ qtp953528583-19:8959969 ] - [ INFO ]  found module id=4028818c534a595101534a596ca20000 name=dddaaawwwwdd
2016-03-07 03:35:31  [ qtp953528583-19:9042608 ] - [ INFO ]  found module id=4028818c534a595101534a596ca20000 name=dddaaawwwwdd
2016-03-07 03:37:06  [ qtp953528583-15:9137230 ] - [ INFO ]  found module id=4028818c534a595101534a596ca20000 name=dddaaawwwwdd
2016-03-07 03:39:00  [ qtp953528583-15:9251911 ] - [ INFO ]  found module id=4028818c534a595101534a596ca20000 name=dddaaawwwwdd
2016-03-07 03:40:33  [ qtp953528583-14:9344981 ] - [ INFO ]  found module id=4028818c534a595101534a596ca20000 name=dddaaawwwwdd
2016-03-07 03:40:50  [ qtp953528583-65:9362084 ] - [ INFO ]  found module id=4028818c534a595101534a596ca20000 name=dddaaawwwwdd
2016-03-07 03:43:26  [ qtp953528583-15:9517227 ] - [ INFO ]  found module id=4028818c534a595101534a596ca20000 name=dddaaawwwwdd
2016-03-07 03:51:15  [ qtp953528583-14:9986928 ] - [ INFO ]  found module id=4028818c534a595101534a596ca20000 name=dddaaawwwwdd
2016-03-07 03:51:44  [ qtp953528583-19:10015498 ] - [ INFO ]  found module id=4028818c534a595101534a596ca20000 name=dddaaawwwwdd
2016-03-07 03:52:02  [ qtp953528583-15:10033729 ] - [ INFO ]  found module id=4028818c534a595101534a596ca20000 name=dddaaawwwwdd
2016-03-07 03:53:49  [ qtp953528583-15:10140332 ] - [ INFO ]  found module id=4028818c534a595101534a596ca20000 name=dddaaawwwwdd
2016-03-07 03:55:13  [ qtp953528583-14:10224910 ] - [ INFO ]  found module id=4028818c534a595101534a596ca20000 name=dddaaawwwwdd
2016-03-07 03:57:53  [ qtp953528583-14:10384868 ] - [ INFO ]  found module id=4028818c534a595101534a596ca20000 name=dddaaawwwwdd
2016-03-07 03:59:06  [ qtp953528583-19:10457871 ] - [ INFO ]  found module id=4028818c534a595101534a596ca20000 name=dddaaawwwwdd
2016-03-07 04:02:17  [ qtp953528583-14:10648636 ] - [ INFO ]  found module id=4028818c534a595101534a596ca20000 name=dddaaawwwwdd
2016-03-07 04:03:19  [ qtp953528583-17:10711108 ] - [ INFO ]  found module id=4028818c534a595101534a596ca20000 name=dddaaawwwwdd
2016-03-07 04:04:04  [ qtp953528583-15:10755552 ] - [ INFO ]  found module id=4028818c534a595101534a596ca20000 name=dddaaawwwwdd
2016-03-07 04:07:40  [ qtp953528583-65:10972029 ] - [ INFO ]  found module id=4028818c534a595101534a596ca20000 name=dddaaawwwwdd
