2016-03-17 00:45:51  [ main:12442 ] - [ INFO ]  FrameworkServlet 'spring-dispatcher': initialization started
2016-03-17 00:45:51  [ main:12471 ] - [ INFO ]  Refreshing WebApplicationContext for namespace 'spring-dispatcher-servlet': startup date [Thu Mar 17 00:45:51 EDT 2016]; parent: Root WebApplicationContext
2016-03-17 00:45:51  [ main:12473 ] - [ INFO ]  Loading XML bean definitions from ServletContext resource [/WEB-INF/spring-context.xml]
2016-03-17 00:45:51  [ main:12500 ] - [ INFO ]  Loading XML bean definitions from URL [jar:file:/Users/steve/.m2/repository/com/oncore/oncore-consulting-template-management/1.0-SNAPSHOT/oncore-consulting-template-management-1.0-SNAPSHOT.jar!/spring-context-template-management.xml]
2016-03-17 00:45:51  [ main:12657 ] - [ INFO ]  Loading XML bean definitions from URL [jar:file:/Users/steve/.m2/repository/com/oncore/oncore-consulting-common/1.0-SNAPSHOT/oncore-consulting-common-1.0-SNAPSHOT.jar!/spring/spring-context-common.xml]
2016-03-17 00:45:51  [ main:12687 ] - [ INFO ]  Loading XML bean definitions from class path resource [spring/spring-hibernate.xml]
2016-03-17 00:45:51  [ main:12707 ] - [ INFO ]  Loading XML bean definitions from class path resource [spring/spring-mvc.xml]
2016-03-17 00:45:51  [ main:12782 ] - [ INFO ]  Loading XML bean definitions from URL [jar:file:/Users/steve/.m2/repository/com/oncore/oncore-consulting-database-management/1.0-SNAPSHOT/oncore-consulting-database-management-1.0-SNAPSHOT.jar!/spring/spring-context-data-management.xml]
2016-03-17 00:45:51  [ main:12823 ] - [ INFO ]  Loading XML bean definitions from URL [jar:file:/Users/steve/.m2/repository/com/oncore/oncore-consulting-user/1.0-SNAPSHOT/oncore-consulting-user-1.0-SNAPSHOT.jar!/spring/spring-context-user.xml]
2016-03-17 00:45:51  [ main:12868 ] - [ INFO ]  Overriding bean definition for bean 'dynamicTableInitor': replacing [Generic bean: class [com.oncore.web.init.DynamicTableInitor]; scope=singleton; abstract=false; lazyInit=false; autowireMode=0; dependencyCheck=0; autowireCandidate=true; primary=false; factoryBeanName=null; factoryMethodName=null; initMethodName=null; destroyMethodName=null; defined in file [/Users/steve/oncore-consulting/web/target/classes/com/oncore/web/init/DynamicTableInitor.class]] with [Generic bean: class [com.oncore.web.init.DynamicTableInitor]; scope=; abstract=false; lazyInit=true; autowireMode=0; dependencyCheck=0; autowireCandidate=true; primary=false; factoryBeanName=null; factoryMethodName=null; initMethodName=init; destroyMethodName=null; defined in ServletContext resource [/WEB-INF/spring-context.xml]]
2016-03-17 00:45:51  [ main:12932 ] - [ INFO ]  Loading properties file from class path resource [properties/hibernate-development.properties]
2016-03-17 00:45:51  [ main:12933 ] - [ INFO ]  Loading properties file from class path resource [properties/app-development.properties]
2016-03-17 00:45:51  [ main:12936 ] - [ INFO ]  JSR-330 'javax.inject.Inject' annotation found and supported for autowiring
2016-03-17 00:45:51  [ main:13047 ] - [ INFO ]  Initializing c3p0 pool... com.mchange.v2.c3p0.ComboPooledDataSource [ acquireIncrement -> 3, acquireRetryAttempts -> 30, acquireRetryDelay -> 1000, autoCommitOnClose -> false, automaticTestTable -> null, breakAfterAcquireFailure -> false, checkoutTimeout -> 0, connectionCustomizerClassName -> null, connectionTesterClassName -> com.mchange.v2.c3p0.impl.DefaultConnectionTester, contextClassLoaderSource -> caller, dataSourceName -> 1hge13g9f10bgh4pybopyt|a1cb94, debugUnreturnedConnectionStackTraces -> false, description -> null, driverClass -> com.mysql.jdbc.Driver, extensions -> {}, factoryClassLocation -> null, forceIgnoreUnresolvedTransactions -> false, forceSynchronousCheckins -> false, forceUseNamedDriverClass -> false, identityToken -> 1hge13g9f10bgh4pybopyt|a1cb94, idleConnectionTestPeriod -> 0, initialPoolSize -> 1, jdbcUrl -> jdbc:mysql://oncore.cpyegapwfsa6.us-west-2.rds.amazonaws.com:3306/hibt, maxAdministrativeTaskTime -> 0, maxConnectionAge -> 0, maxIdleTime -> 1, maxIdleTimeExcessConnections -> 0, maxPoolSize -> 40, maxStatements -> 0, maxStatementsPerConnection -> 0, minPoolSize -> 1, numHelperThreads -> 3, preferredTestQuery -> null, privilegeSpawnedThreads -> false, properties -> {user=******, password=******}, propertyCycle -> 0, statementCacheNumDeferredCloseThreads -> 0, testConnectionOnCheckin -> false, testConnectionOnCheckout -> false, unreturnedConnectionTimeout -> 0, userOverrides -> {}, usesTraditionalReflectiveProxies -> false ]
2016-03-17 00:45:52  [ main:14159 ] - [ INFO ]  HHH000400: Using dialect: org.hibernate.dialect.MySQLDialect
2016-03-17 00:45:52  [ main:14197 ] - [ INFO ]  HHH000399: Using default transaction strategy (direct JDBC transactions)
2016-03-17 00:45:52  [ main:14199 ] - [ INFO ]  HHH000397: Using ASTQueryTranslatorFactory
2016-03-17 00:45:53  [ main:14315 ] - [ INFO ]  HHH000228: Running hbm2ddl schema update
2016-03-17 00:45:53  [ main:14316 ] - [ INFO ]  HHH000102: Fetching database metadata
2016-03-17 00:45:53  [ main:14317 ] - [ INFO ]  HHH000396: Updating schema
2016-03-17 00:45:53  [ main:14821 ] - [ INFO ]  HHH000261: Table found: hibt.element
2016-03-17 00:45:53  [ main:14823 ] - [ INFO ]  HHH000037: Columns: [createtime, deleted, module_id, name, description, id, updatetime]
2016-03-17 00:45:53  [ main:14823 ] - [ INFO ]  HHH000108: Foreign keys: []
2016-03-17 00:45:53  [ main:14824 ] - [ INFO ]  HHH000126: Indexes: [primary]
2016-03-17 00:45:54  [ main:15327 ] - [ INFO ]  HHH000261: Table found: hibt.entity
2016-03-17 00:45:54  [ main:15328 ] - [ INFO ]  HHH000037: Columns: [createtime, deleted, module_id, name, description, id, updatetime, tablename, hbmpath]
2016-03-17 00:45:54  [ main:15328 ] - [ INFO ]  HHH000108: Foreign keys: []
2016-03-17 00:45:54  [ main:15329 ] - [ INFO ]  HHH000126: Indexes: [primary]
2016-03-17 00:45:54  [ main:15833 ] - [ INFO ]  HHH000261: Table found: hibt.field
2016-03-17 00:45:54  [ main:15834 ] - [ INFO ]  HHH000037: Columns: [createtime, deleted, module_id, name, length, description, ifnull, id, updatetime, fieldtype, entity_id]
2016-03-17 00:45:54  [ main:15834 ] - [ INFO ]  HHH000108: Foreign keys: [fk_o596lc80ccb1rgvhnoku4fdo9]
2016-03-17 00:45:54  [ main:15835 ] - [ INFO ]  HHH000126: Indexes: [fk_o596lc80ccb1rgvhnoku4fdo9, primary]
2016-03-17 00:45:55  [ main:16336 ] - [ INFO ]  HHH000261: Table found: hibt.file_element
2016-03-17 00:45:55  [ main:16337 ] - [ INFO ]  HHH000037: Columns: [createtime, deleted, module_id, parentfoldid, name, description, id, updatetime]
2016-03-17 00:45:55  [ main:16337 ] - [ INFO ]  HHH000108: Foreign keys: []
2016-03-17 00:45:55  [ main:16338 ] - [ INFO ]  HHH000126: Indexes: [primary]
2016-03-17 00:45:55  [ main:16830 ] - [ INFO ]  HHH000261: Table found: hibt.folder_file_element
2016-03-17 00:45:55  [ main:16831 ] - [ INFO ]  HHH000037: Columns: [createtime, deleted, module_id, parentfoldid, depth, name, description, id, updatetime]
2016-03-17 00:45:55  [ main:16831 ] - [ INFO ]  HHH000108: Foreign keys: []
2016-03-17 00:45:55  [ main:16832 ] - [ INFO ]  HHH000126: Indexes: [primary]
2016-03-17 00:45:56  [ main:17337 ] - [ INFO ]  HHH000261: Table found: hibt.module
2016-03-17 00:45:56  [ main:17337 ] - [ INFO ]  HHH000037: Columns: [createtime, deleted, module_id, name, description, id, updatetime]
2016-03-17 00:45:56  [ main:17338 ] - [ INFO ]  HHH000108: Foreign keys: []
2016-03-17 00:45:56  [ main:17338 ] - [ INFO ]  HHH000126: Indexes: [primary]
2016-03-17 00:45:56  [ main:17851 ] - [ INFO ]  HHH000261: Table found: hibt.report_field
2016-03-17 00:45:56  [ main:17852 ] - [ INFO ]  HHH000037: Columns: [createtime, length, description, relatedfield_id, fieldtype, deleted, module_id, report_id, name, ifnull, id, updatetime, isrelatedfield]
2016-03-17 00:45:56  [ main:17852 ] - [ INFO ]  HHH000108: Foreign keys: [fk_qmru8iktsptb9m0nt6a5kj7yr, fk_t5oxbvi73rrwmoroikmhldvg9]
2016-03-17 00:45:56  [ main:17853 ] - [ INFO ]  HHH000126: Indexes: [fk_qmru8iktsptb9m0nt6a5kj7yr, fk_t5oxbvi73rrwmoroikmhldvg9, primary]
2016-03-17 00:45:57  [ main:18354 ] - [ INFO ]  HHH000261: Table found: hibt.report_file_element
2016-03-17 00:45:57  [ main:18355 ] - [ INFO ]  HHH000037: Columns: [createtime, parentfoldid, currentversion, description, folderid, hbmpath, deleted, module_id, name, id, updatetime, tablename, templatepath]
2016-03-17 00:45:57  [ main:18356 ] - [ INFO ]  HHH000108: Foreign keys: []
2016-03-17 00:45:57  [ main:18357 ] - [ INFO ]  HHH000126: Indexes: [primary]
2016-03-17 00:45:57  [ main:18358 ] - [ INFO ]  HHH000232: Schema update complete
2016-03-17 00:45:57  [ main:18400 ] - [ INFO ]  setting application context...
2016-03-17 00:45:57  [ main:18470 ] - [ INFO ]  Using DataSource [com.mchange.v2.c3p0.ComboPooledDataSource[ identityToken -> 1hge13g9f10bgh4pybopyt|a1cb94, dataSourceName -> 1hge13g9f10bgh4pybopyt|a1cb94 ]] of Hibernate SessionFactory for HibernateTransactionManager
2016-03-17 00:45:57  [ main:18479 ] - [ INFO ]  Mapped "{[/admin/entities/{id}],methods=[DELETE],produces=[application/json]}" onto public org.springframework.http.ResponseEntity com.oncore.template.controller.EntityResource.delete(java.lang.String)
2016-03-17 00:45:57  [ main:18480 ] - [ INFO ]  Mapped "{[/admin/entities/{id}],methods=[PUT],produces=[application/json]}" onto public com.oncore.template.transfd.entities.EntityResponse com.oncore.template.controller.EntityResource.updateEntity(com.oncore.template.transfd.entities.UpdateEntityRequest)
2016-03-17 00:45:57  [ main:18480 ] - [ INFO ]  Mapped "{[/admin/entities/{id}],methods=[GET],produces=[application/json]}" onto public com.oncore.template.transfd.entities.EntityResponse com.oncore.template.controller.EntityResource.getEntity(java.lang.String)
2016-03-17 00:45:57  [ main:18481 ] - [ INFO ]  Mapped "{[/admin/entities/],methods=[GET],produces=[application/json]}" onto public java.util.List<com.oncore.template.transfd.entities.EntityResponse> com.oncore.template.controller.EntityResource.getEntities()
2016-03-17 00:45:57  [ main:18482 ] - [ INFO ]  Mapped "{[/admin/folders/{id}/],methods=[DELETE],produces=[application/json]}" onto public org.springframework.http.ResponseEntity com.oncore.template.controller.FolderResource.deleteFolder(java.lang.String)
2016-03-17 00:45:57  [ main:18483 ] - [ INFO ]  Mapped "{[/admin/folders/{parent_id}/sub_folder/],methods=[POST],produces=[application/json]}" onto public com.oncore.template.transfd.file_element.folder.FolderResponse com.oncore.template.controller.FolderResource.createSubFolderToParent(java.lang.String,com.oncore.template.transfd.file_element.folder.CreateFolderToParentFolderRequest)
2016-03-17 00:45:57  [ main:18484 ] - [ INFO ]  Mapped "{[/admin/folders/{id}],methods=[GET],produces=[application/json]}" onto public com.oncore.template.transfd.file_element.folder.FolderResponse com.oncore.template.controller.FolderResource.getFolder(java.lang.String)
2016-03-17 00:45:57  [ main:18484 ] - [ INFO ]  Mapped "{[/admin/folders/{parent_id}/sub_folder/],methods=[GET],produces=[application/json]}" onto public java.util.List<com.oncore.template.transfd.file_element.folder.FolderResponse> com.oncore.template.controller.FolderResource.getChildFoldersUnderParentFolder(java.lang.String)
2016-03-17 00:45:57  [ main:18485 ] - [ INFO ]  Mapped "{[/admin/folders/{folderId}/reports/],methods=[GET],produces=[application/json]}" onto public java.util.List<com.oncore.template.transfd.report.ReportResponse> com.oncore.template.controller.FolderResource.getReportsUnderFolder(java.lang.String)
2016-03-17 00:45:57  [ main:18486 ] - [ INFO ]  Mapped "{[/admin/folders/{folderId}/reports/],methods=[POST],produces=[application/json]}" onto public org.springframework.http.ResponseEntity<com.oncore.template.transfd.report.ReportResponse> com.oncore.template.controller.FolderResource.createReportsUnderFolder(java.lang.String,com.oncore.template.transfd.report.CreateReportRequest)
2016-03-17 00:45:57  [ main:18486 ] - [ INFO ]  Mapped "{[/admin/folders/{id}/],methods=[PUT],produces=[application/json]}" onto public com.oncore.template.transfd.file_element.folder.FolderResponse com.oncore.template.controller.FolderResource.updateFolder(java.lang.String,com.oncore.template.transfd.file_element.folder.UpdateFolderRequest)
2016-03-17 00:45:57  [ main:18488 ] - [ INFO ]  Mapped "{[/admin/modules/{id}/],methods=[GET],produces=[application/json]}" onto public com.oncore.template.transfd.module.ModuleResponse com.oncore.template.controller.ModuleResource.getModule(java.lang.String)
2016-03-17 00:45:57  [ main:18488 ] - [ INFO ]  Mapped "{[/admin/modules/],methods=[POST],produces=[application/json]}" onto public com.oncore.template.transfd.module.ModuleResponse com.oncore.template.controller.ModuleResource.createModule(com.oncore.template.transfd.module.CreateModuleRequest)
2016-03-17 00:45:57  [ main:18489 ] - [ INFO ]  Mapped "{[/admin/modules/{id}/],methods=[PUT],produces=[application/json]}" onto public com.oncore.template.transfd.module.ModuleResponse com.oncore.template.controller.ModuleResource.updateModule(java.lang.String,com.oncore.template.transfd.module.CreateModuleRequest)
2016-03-17 00:45:57  [ main:18489 ] - [ INFO ]  Mapped "{[/admin/modules/{id}/entities/],methods=[GET],produces=[application/json]}" onto public java.util.List<com.oncore.template.transfd.entities.EntityResponse> com.oncore.template.controller.ModuleResource.getEntitiesOfModule(java.lang.String)
2016-03-17 00:45:57  [ main:18490 ] - [ INFO ]  Mapped "{[/admin/modules/{id}/folders/],methods=[GET],produces=[application/json]}" onto public java.util.List<com.oncore.template.transfd.file_element.folder.FolderResponse> com.oncore.template.controller.ModuleResource.getFoldersOfModule(java.lang.String)
2016-03-17 00:45:57  [ main:18490 ] - [ INFO ]  Mapped "{[/admin/modules/{id}/folders/],methods=[POST],produces=[application/json]}" onto public com.oncore.template.transfd.file_element.folder.FolderResponse com.oncore.template.controller.ModuleResource.createFolderUnderModule(java.lang.String,com.oncore.template.transfd.file_element.folder.CreateRootFolderRequest)
2016-03-17 00:45:57  [ main:18490 ] - [ INFO ]  Mapped "{[/admin/modules/{id}/entities/],methods=[POST],produces=[application/json]}" onto public com.oncore.template.transfd.entities.EntityResponse com.oncore.template.controller.ModuleResource.createEntityUnderModule(java.lang.String,com.oncore.template.transfd.entities.CreateEntityRequest)
2016-03-17 00:45:57  [ main:18491 ] - [ INFO ]  Mapped "{[/admin/modules/{id}/tree/],methods=[GET],produces=[application/json]}" onto public com.oncore.template.transfd.module.ModuleTreeResponse com.oncore.template.controller.ModuleResource.getModuleTree(java.lang.String)
2016-03-17 00:45:57  [ main:18491 ] - [ INFO ]  Mapped "{[/admin/modules/],methods=[GET],produces=[application/json]}" onto public java.util.List<com.oncore.template.transfd.module.ModuleResponse> com.oncore.template.controller.ModuleResource.getModules()
2016-03-17 00:45:57  [ main:18493 ] - [ INFO ]  Mapped "{[/admin/reports/{id}/],methods=[DELETE],produces=[application/json]}" onto public org.springframework.http.ResponseEntity com.oncore.template.controller.ReportResource.delete(java.lang.String)
2016-03-17 00:45:57  [ main:18494 ] - [ INFO ]  Mapped "{[/admin/reports/{id}/],methods=[GET],produces=[application/json]}" onto public com.oncore.template.transfd.report.ReportResponse com.oncore.template.controller.ReportResource.gerReport(java.lang.String)
2016-03-17 00:45:57  [ main:18494 ] - [ INFO ]  Mapped "{[/admin/reports/{id}/],methods=[PUT],produces=[application/json]}" onto public org.springframework.http.ResponseEntity com.oncore.template.controller.ReportResource.updateReport(java.lang.String,com.oncore.template.transfd.report.CreateReportRequest)
2016-03-17 00:45:57  [ main:18495 ] - [ INFO ]  Mapped "{[/admin/reports/],methods=[GET],produces=[application/json]}" onto public java.util.List<com.oncore.template.transfd.report.ReportResponse> com.oncore.template.controller.ReportResource.getReports()
2016-03-17 00:45:57  [ main:18496 ] - [ INFO ]  Mapped "{[/user/entities/{entity_id}/],methods=[GET],produces=[application/json]}" onto public org.springframework.http.ResponseEntity com.oncore.user.controller.UserEntityController.listEntities(java.lang.String) throws java.sql.SQLException
2016-03-17 00:45:57  [ main:18523 ] - [ INFO ]  Mapped "{[/user/entities/{entity_id}/],methods=[POST],produces=[application/json]}" onto public org.springframework.http.ResponseEntity com.oncore.user.controller.UserEntityController.insertEntity(java.lang.String,java.util.Map) throws java.sql.SQLException
2016-03-17 00:45:57  [ main:18525 ] - [ INFO ]  Mapped "{[/user/reports/{report_table_id}/record/{report_id}/]}" onto public org.springframework.http.ResponseEntity com.oncore.user.controller.UserReportController.getReport(java.lang.String,int) throws java.sql.SQLException
2016-03-17 00:45:57  [ main:18527 ] - [ INFO ]  Mapped "{[/user/reports/{report_id}/record/]}" onto public org.springframework.http.ResponseEntity com.oncore.user.controller.UserReportController.listReport(java.lang.String) throws java.sql.SQLException
2016-03-17 00:45:57  [ main:18529 ] - [ INFO ]  Mapped "{[/user/reports/{report_table_id}/desc/]}" onto public org.springframework.http.ResponseEntity com.oncore.user.controller.UserReportController.getReportDescription(java.lang.String)
2016-03-17 00:45:57  [ main:18530 ] - [ INFO ]  Mapped "{[/user/reports/{report_id}/record/],methods=[POST]}" onto public org.springframework.http.ResponseEntity com.oncore.user.controller.UserReportController.insertReport(java.lang.String,java.util.Map) throws java.sql.SQLException
2016-03-17 00:45:57  [ main:18603 ] - [ INFO ]  Looking for @ControllerAdvice: WebApplicationContext for namespace 'spring-dispatcher-servlet': startup date [Thu Mar 17 00:45:51 EDT 2016]; parent: Root WebApplicationContext
2016-03-17 00:45:57  [ main:18635 ] - [ INFO ]  Looking for @ControllerAdvice: WebApplicationContext for namespace 'spring-dispatcher-servlet': startup date [Thu Mar 17 00:45:51 EDT 2016]; parent: Root WebApplicationContext
2016-03-17 00:45:57  [ main:18673 ] - [ INFO ]  Detected @ExceptionHandler methods in commonExceptionHandler
2016-03-17 00:45:57  [ pool-4-thread-11:18702 ] - [ INFO ]  running table creator...
2016-03-17 00:45:57  [ main:18702 ] - [ INFO ]  running GroovyFactory...
2016-03-17 00:45:57  [ main:18704 ] - [ INFO ]  start init entity tables...
2016-03-17 00:45:58  [ main:19724 ] - [ INFO ]  initing entity eeeee_1457993567275...
2016-03-17 00:45:58  [ main:19725 ] - [ INFO ]  initing entity updatedmodule_1457995506699...
2016-03-17 00:45:58  [ pool-4-thread-1:19727 ] - [ INFO ]  created hibernate mapping file for eeeee at /Users/steve/oncore-consulting/web/src/main/webapp/destination/mapping/eeeee/eeeee_1457993567275/eeeee.xml
2016-03-17 00:45:58  [ pool-4-thread-3:19727 ] - [ INFO ]  created hibernate mapping file for updatedmodule at /Users/steve/oncore-consulting/web/src/main/webapp/destination/mapping/updatedmodule/updatedmodule_1457995506699/updatedmodule.xml
2016-03-17 00:45:58  [ pool-4-thread-1:19873 ] - [ INFO ]  created file at /Users/steve/oncore-consulting/web/src/main/webapp/destination/mapping/eeeee/eeeee_1457993567275/eeeee.xml
2016-03-17 00:45:58  [ pool-4-thread-3:19873 ] - [ INFO ]  created file at /Users/steve/oncore-consulting/web/src/main/webapp/destination/mapping/updatedmodule/updatedmodule_1457995506699/updatedmodule.xml
2016-03-17 00:45:58  [ pool-4-thread-11:19874 ] - [ INFO ]  creating table /Users/steve/oncore-consulting/web/src/main/webapp/destination/mapping/eeeee/eeeee_1457993567275/eeeee.xml
2016-03-17 00:45:58  [ pool-4-thread-11:19875 ] - [ INFO ]  HHH000220: Reading mappings from file: /Users/steve/oncore-consulting/web/src/main/webapp/destination/mapping/eeeee/eeeee_1457993567275/eeeee.xml
2016-03-17 00:45:58  [ pool-4-thread-4:19876 ] - [ INFO ]  created groovy dao file for updatedmodule at /Users/steve/oncore-consulting/web/src/main/webapp/destination/groovy/updatedmodule/updatedmodule_1457995506699/updatedmodule.groovy
2016-03-17 00:45:58  [ pool-4-thread-2:19876 ] - [ INFO ]  created groovy dao file for eeeee at /Users/steve/oncore-consulting/web/src/main/webapp/destination/groovy/eeeee/eeeee_1457993567275/eeeee.groovy
2016-03-17 00:45:58  [ pool-4-thread-2:19887 ] - [ INFO ]  created file at /Users/steve/oncore-consulting/web/src/main/webapp/destination/groovy/eeeee/eeeee_1457993567275/eeeee.groovy
2016-03-17 00:45:58  [ pool-4-thread-12:19888 ] - [ INFO ]  reading groovy file...
2016-03-17 00:45:58  [ pool-4-thread-4:19888 ] - [ INFO ]  created file at /Users/steve/oncore-consulting/web/src/main/webapp/destination/groovy/updatedmodule/updatedmodule_1457995506699/updatedmodule.groovy
2016-03-17 00:45:58  [ pool-4-thread-12:19889 ] - [ INFO ]  file path.../destination/groovy/eeeee/eeeee_1457993567275/eeeee.groovy
2016-03-17 00:45:58  [ pool-4-thread-12:19890 ] - [ INFO ]  registering bd....
2016-03-17 00:45:58  [ pool-4-thread-12:19890 ] - [ INFO ]  registered bd....
2016-03-17 00:45:58  [ pool-4-thread-12:19890 ] - [ INFO ]  waiting for other task finished...preCreatingFileQueue size=0...preCreatingTableQueue size = 1
2016-03-17 00:46:00  [ pool-4-thread-5:21354 ] - [ INFO ]  created hibernate mapping file for xindemodule at /Users/steve/oncore-consulting/web/src/main/webapp/destination/mapping/xindemodule/report_xindemodule_1457994914673/xindemodule.xml
2016-03-17 00:46:00  [ pool-4-thread-9:21354 ] - [ INFO ]  created hibernate mapping file for newreport at /Users/steve/oncore-consulting/web/src/main/webapp/destination/mapping/newreport/report_newreport_1458026806421/newreport.xml
2016-03-17 00:46:00  [ pool-4-thread-1:21355 ] - [ INFO ]  created hibernate mapping file for wordformattest at /Users/steve/oncore-consulting/web/src/main/webapp/destination/mapping/wordformattest/report_wordformattest_1458061370336/wordformattest.xml
2016-03-17 00:46:00  [ pool-4-thread-3:21355 ] - [ INFO ]  created hibernate mapping file for new format at /Users/steve/oncore-consulting/web/src/main/webapp/destination/mapping/new_format/report_new_format_1458062158015/new format.xml
2016-03-17 00:46:00  [ pool-4-thread-7:21354 ] - [ INFO ]  created hibernate mapping file for reorpt at /Users/steve/oncore-consulting/web/src/main/webapp/destination/mapping/reorpt/report_reorpt_1458019390828/reorpt.xml
2016-03-17 00:46:00  [ pool-4-thread-1:21395 ] - [ INFO ]  created file at /Users/steve/oncore-consulting/web/src/main/webapp/destination/mapping/wordformattest/report_wordformattest_1458061370336/wordformattest.xml
2016-03-17 00:46:00  [ pool-4-thread-3:21395 ] - [ INFO ]  created file at /Users/steve/oncore-consulting/web/src/main/webapp/destination/mapping/new_format/report_new_format_1458062158015/new format.xml
2016-03-17 00:46:00  [ pool-4-thread-7:21395 ] - [ INFO ]  created file at /Users/steve/oncore-consulting/web/src/main/webapp/destination/mapping/reorpt/report_reorpt_1458019390828/reorpt.xml
2016-03-17 00:46:00  [ pool-4-thread-9:21395 ] - [ INFO ]  created file at /Users/steve/oncore-consulting/web/src/main/webapp/destination/mapping/newreport/report_newreport_1458026806421/newreport.xml
2016-03-17 00:46:00  [ pool-4-thread-6:21400 ] - [ INFO ]  created report groovy dao file for wordformattest at /Users/steve/oncore-consulting/web/src/main/webapp/destination/groovy/wordformattest/report_wordformattest_1458061370336/wordformattest.groovy
2016-03-17 00:46:00  [ pool-4-thread-10:21400 ] - [ INFO ]  created report groovy dao file for reorpt at /Users/steve/oncore-consulting/web/src/main/webapp/destination/groovy/reorpt/report_reorpt_1458019390828/reorpt.groovy
2016-03-17 00:46:00  [ pool-4-thread-2:21400 ] - [ INFO ]  created report groovy dao file for newreport at /Users/steve/oncore-consulting/web/src/main/webapp/destination/groovy/newreport/report_newreport_1458026806421/newreport.groovy
2016-03-17 00:46:00  [ pool-4-thread-8:21400 ] - [ INFO ]  created report groovy dao file for new format at /Users/steve/oncore-consulting/web/src/main/webapp/destination/groovy/new_format/report_new_format_1458062158015/new format.groovy
2016-03-17 00:46:00  [ pool-4-thread-8:21409 ] - [ INFO ]  created file at /Users/steve/oncore-consulting/web/src/main/webapp/destination/groovy/new_format/report_new_format_1458062158015/new format.groovy
2016-03-17 00:46:00  [ pool-4-thread-2:21410 ] - [ INFO ]  created file at /Users/steve/oncore-consulting/web/src/main/webapp/destination/groovy/newreport/report_newreport_1458026806421/newreport.groovy
2016-03-17 00:46:00  [ pool-4-thread-6:21411 ] - [ INFO ]  created file at /Users/steve/oncore-consulting/web/src/main/webapp/destination/groovy/wordformattest/report_wordformattest_1458061370336/wordformattest.groovy
2016-03-17 00:46:00  [ pool-4-thread-5:21411 ] - [ INFO ]  created file at /Users/steve/oncore-consulting/web/src/main/webapp/destination/mapping/xindemodule/report_xindemodule_1457994914673/xindemodule.xml
2016-03-17 00:46:00  [ pool-4-thread-4:21413 ] - [ INFO ]  created report groovy dao file for xindemodule at /Users/steve/oncore-consulting/web/src/main/webapp/destination/groovy/xindemodule/report_xindemodule_1457994914673/xindemodule.groovy
2016-03-17 00:46:00  [ pool-4-thread-10:21414 ] - [ INFO ]  created file at /Users/steve/oncore-consulting/web/src/main/webapp/destination/groovy/reorpt/report_reorpt_1458019390828/reorpt.groovy
2016-03-17 00:46:00  [ pool-4-thread-4:21415 ] - [ INFO ]  created file at /Users/steve/oncore-consulting/web/src/main/webapp/destination/groovy/xindemodule/report_xindemodule_1457994914673/xindemodule.groovy
2016-03-17 00:46:00  [ main:22142 ] - [ INFO ]  FrameworkServlet 'spring-dispatcher': initialization completed in 9678 ms
2016-03-17 00:46:01  [ pool-4-thread-11:22760 ] - [ INFO ]  HHH000228: Running hbm2ddl schema update
2016-03-17 00:46:01  [ pool-4-thread-11:22760 ] - [ INFO ]  HHH000102: Fetching database metadata
2016-03-17 00:46:01  [ pool-4-thread-11:22761 ] - [ INFO ]  HHH000396: Updating schema
2016-03-17 00:46:01  [ pool-4-thread-11:22762 ] - [ INFO ]  HHH000417: Writing generated schema to file: /Users/steve/oncore-consulting/web/src/main/webapp/destination/mapping/eeeee/eeeee_1457993567275/eeeee_1457993567275
2016-03-17 00:46:01  [ pool-4-thread-11:23282 ] - [ INFO ]  HHH000261: Table found: hibt.eeeee_1457993567275
2016-03-17 00:46:01  [ pool-4-thread-11:23283 ] - [ INFO ]  HHH000037: Columns: [deleted, name, id, userid]
2016-03-17 00:46:01  [ pool-4-thread-11:23284 ] - [ INFO ]  HHH000108: Foreign keys: []
2016-03-17 00:46:01  [ pool-4-thread-11:23285 ] - [ INFO ]  HHH000126: Indexes: [primary]
2016-03-17 00:46:01  [ pool-4-thread-11:23286 ] - [ INFO ]  HHH000232: Schema update complete
2016-03-17 00:46:01  [ pool-4-thread-11:23286 ] - [ INFO ]  created table /Users/steve/oncore-consulting/web/src/main/webapp/destination/mapping/eeeee/eeeee_1457993567275/eeeee.xml
2016-03-17 00:46:01  [ pool-4-thread-11:23286 ] - [ INFO ]  creating table /Users/steve/oncore-consulting/web/src/main/webapp/destination/mapping/updatedmodule/updatedmodule_1457995506699/updatedmodule.xml
2016-03-17 00:46:01  [ pool-4-thread-11:23287 ] - [ INFO ]  HHH000220: Reading mappings from file: /Users/steve/oncore-consulting/web/src/main/webapp/destination/mapping/updatedmodule/updatedmodule_1457995506699/updatedmodule.xml
2016-03-17 00:46:02  [ pool-4-thread-11:23643 ] - [ INFO ]  HHH000228: Running hbm2ddl schema update
2016-03-17 00:46:02  [ pool-4-thread-11:23644 ] - [ INFO ]  HHH000102: Fetching database metadata
2016-03-17 00:46:02  [ pool-4-thread-11:23645 ] - [ INFO ]  HHH000396: Updating schema
2016-03-17 00:46:02  [ pool-4-thread-11:23645 ] - [ INFO ]  HHH000417: Writing generated schema to file: /Users/steve/oncore-consulting/web/src/main/webapp/destination/mapping/updatedmodule/updatedmodule_1457995506699/updatedmodule_1457995506699
2016-03-17 00:46:02  [ pool-4-thread-11:24160 ] - [ INFO ]  HHH000261: Table found: hibt.updatedmodule_1457995506699
2016-03-17 00:46:02  [ pool-4-thread-11:24160 ] - [ INFO ]  HHH000037: Columns: [deleted, name, id, userid]
2016-03-17 00:46:02  [ pool-4-thread-11:24161 ] - [ INFO ]  HHH000108: Foreign keys: []
2016-03-17 00:46:02  [ pool-4-thread-11:24162 ] - [ INFO ]  HHH000126: Indexes: [primary]
2016-03-17 00:46:02  [ pool-4-thread-11:24163 ] - [ INFO ]  HHH000232: Schema update complete
2016-03-17 00:46:02  [ pool-4-thread-11:24163 ] - [ INFO ]  created table /Users/steve/oncore-consulting/web/src/main/webapp/destination/mapping/updatedmodule/updatedmodule_1457995506699/updatedmodule.xml
2016-03-17 00:46:02  [ pool-4-thread-11:24163 ] - [ INFO ]  creating table /Users/steve/oncore-consulting/web/src/main/webapp/destination/mapping/wordformattest/report_wordformattest_1458061370336/wordformattest.xml
2016-03-17 00:46:02  [ pool-4-thread-11:24164 ] - [ INFO ]  HHH000220: Reading mappings from file: /Users/steve/oncore-consulting/web/src/main/webapp/destination/mapping/wordformattest/report_wordformattest_1458061370336/wordformattest.xml
2016-03-17 00:46:03  [ pool-4-thread-11:24478 ] - [ INFO ]  HHH000228: Running hbm2ddl schema update
2016-03-17 00:46:03  [ pool-4-thread-11:24479 ] - [ INFO ]  HHH000102: Fetching database metadata
2016-03-17 00:46:03  [ pool-4-thread-12:24894 ] - [ INFO ]  waiting for other task finished...preCreatingFileQueue size=0...preCreatingTableQueue size = 4
2016-03-17 00:46:04  [ pool-4-thread-11:25583 ] - [ INFO ]  HHH000396: Updating schema
2016-03-17 00:46:04  [ pool-4-thread-11:25583 ] - [ INFO ]  HHH000417: Writing generated schema to file: /Users/steve/oncore-consulting/web/src/main/webapp/destination/mapping/wordformattest/report_wordformattest_1458061370336/report_wordformattest_1458061370336
2016-03-17 00:46:04  [ pool-4-thread-11:26090 ] - [ INFO ]  HHH000261: Table found: hibt.report_wordformattest_1458061370336
2016-03-17 00:46:04  [ pool-4-thread-11:26090 ] - [ INFO ]  HHH000037: Columns: [deleted, generated, id, userid]
2016-03-17 00:46:04  [ pool-4-thread-11:26090 ] - [ INFO ]  HHH000108: Foreign keys: []
2016-03-17 00:46:04  [ pool-4-thread-11:26090 ] - [ INFO ]  HHH000126: Indexes: [primary]
2016-03-17 00:46:04  [ pool-4-thread-11:26091 ] - [ INFO ]  HHH000232: Schema update complete
2016-03-17 00:46:04  [ pool-4-thread-11:26091 ] - [ INFO ]  created table /Users/steve/oncore-consulting/web/src/main/webapp/destination/mapping/wordformattest/report_wordformattest_1458061370336/wordformattest.xml
2016-03-17 00:46:04  [ pool-4-thread-11:26091 ] - [ INFO ]  creating table /Users/steve/oncore-consulting/web/src/main/webapp/destination/mapping/new_format/report_new_format_1458062158015/new format.xml
2016-03-17 00:46:04  [ pool-4-thread-11:26091 ] - [ INFO ]  HHH000220: Reading mappings from file: /Users/steve/oncore-consulting/web/src/main/webapp/destination/mapping/new_format/report_new_format_1458062158015/new format.xml
2016-03-17 00:46:05  [ pool-4-thread-11:26409 ] - [ INFO ]  HHH000228: Running hbm2ddl schema update
2016-03-17 00:46:05  [ pool-4-thread-11:26409 ] - [ INFO ]  HHH000102: Fetching database metadata
2016-03-17 00:46:05  [ pool-4-thread-11:26410 ] - [ INFO ]  HHH000396: Updating schema
2016-03-17 00:46:05  [ pool-4-thread-11:26410 ] - [ INFO ]  HHH000417: Writing generated schema to file: /Users/steve/oncore-consulting/web/src/main/webapp/destination/mapping/new_format/report_new_format_1458062158015/report_new_format_1458062158015
2016-03-17 00:46:05  [ pool-4-thread-11:26911 ] - [ INFO ]  HHH000261: Table found: hibt.report_new_format_1458062158015
2016-03-17 00:46:05  [ pool-4-thread-11:26911 ] - [ INFO ]  HHH000037: Columns: [deleted, generated, id, userid]
2016-03-17 00:46:05  [ pool-4-thread-11:26912 ] - [ INFO ]  HHH000108: Foreign keys: []
2016-03-17 00:46:05  [ pool-4-thread-11:26912 ] - [ INFO ]  HHH000126: Indexes: [primary]
2016-03-17 00:46:05  [ pool-4-thread-11:26912 ] - [ INFO ]  HHH000232: Schema update complete
2016-03-17 00:46:05  [ pool-4-thread-11:26912 ] - [ INFO ]  created table /Users/steve/oncore-consulting/web/src/main/webapp/destination/mapping/new_format/report_new_format_1458062158015/new format.xml
2016-03-17 00:46:05  [ pool-4-thread-11:26913 ] - [ INFO ]  creating table /Users/steve/oncore-consulting/web/src/main/webapp/destination/mapping/reorpt/report_reorpt_1458019390828/reorpt.xml
2016-03-17 00:46:05  [ pool-4-thread-11:26913 ] - [ INFO ]  HHH000220: Reading mappings from file: /Users/steve/oncore-consulting/web/src/main/webapp/destination/mapping/reorpt/report_reorpt_1458019390828/reorpt.xml
2016-03-17 00:46:05  [ pool-4-thread-11:27228 ] - [ INFO ]  HHH000228: Running hbm2ddl schema update
2016-03-17 00:46:05  [ pool-4-thread-11:27228 ] - [ INFO ]  HHH000102: Fetching database metadata
2016-03-17 00:46:07  [ pool-4-thread-11:28324 ] - [ INFO ]  HHH000396: Updating schema
2016-03-17 00:46:07  [ pool-4-thread-11:28324 ] - [ INFO ]  HHH000417: Writing generated schema to file: /Users/steve/oncore-consulting/web/src/main/webapp/destination/mapping/reorpt/report_reorpt_1458019390828/report_reorpt_1458019390828
2016-03-17 00:46:07  [ pool-4-thread-11:28823 ] - [ INFO ]  HHH000261: Table found: hibt.report_reorpt_1458019390828
2016-03-17 00:46:07  [ pool-4-thread-11:28824 ] - [ INFO ]  HHH000037: Columns: [deleted, generated, updatedmodule_name_2c9f940b537747460153774de41e0001, id, userid, eeeee_name_2c9f940b53772a7e015377304c4b0001]
2016-03-17 00:46:07  [ pool-4-thread-11:28824 ] - [ INFO ]  HHH000108: Foreign keys: []
2016-03-17 00:46:07  [ pool-4-thread-11:28824 ] - [ INFO ]  HHH000126: Indexes: [primary]
2016-03-17 00:46:07  [ pool-4-thread-11:28824 ] - [ INFO ]  HHH000232: Schema update complete
2016-03-17 00:46:07  [ pool-4-thread-11:28825 ] - [ INFO ]  created table /Users/steve/oncore-consulting/web/src/main/webapp/destination/mapping/reorpt/report_reorpt_1458019390828/reorpt.xml
2016-03-17 00:46:07  [ pool-4-thread-11:28825 ] - [ INFO ]  creating table /Users/steve/oncore-consulting/web/src/main/webapp/destination/mapping/newreport/report_newreport_1458026806421/newreport.xml
2016-03-17 00:46:07  [ pool-4-thread-11:28825 ] - [ INFO ]  HHH000220: Reading mappings from file: /Users/steve/oncore-consulting/web/src/main/webapp/destination/mapping/newreport/report_newreport_1458026806421/newreport.xml
2016-03-17 00:46:07  [ pool-4-thread-11:29143 ] - [ INFO ]  HHH000228: Running hbm2ddl schema update
2016-03-17 00:46:07  [ pool-4-thread-11:29143 ] - [ INFO ]  HHH000102: Fetching database metadata
2016-03-17 00:46:07  [ pool-4-thread-11:29144 ] - [ INFO ]  HHH000396: Updating schema
2016-03-17 00:46:07  [ pool-4-thread-11:29145 ] - [ INFO ]  HHH000417: Writing generated schema to file: /Users/steve/oncore-consulting/web/src/main/webapp/destination/mapping/newreport/report_newreport_1458026806421/report_newreport_1458026806421
2016-03-17 00:46:08  [ pool-4-thread-11:29652 ] - [ INFO ]  HHH000261: Table found: hibt.report_newreport_1458026806421
2016-03-17 00:46:08  [ pool-4-thread-11:29652 ] - [ INFO ]  HHH000037: Columns: [deleted, generated, id, userid, eeeee_name_2c9f940b53772a7e015377304c4b0001]
2016-03-17 00:46:08  [ pool-4-thread-11:29653 ] - [ INFO ]  HHH000108: Foreign keys: []
2016-03-17 00:46:08  [ pool-4-thread-11:29653 ] - [ INFO ]  HHH000126: Indexes: [primary]
2016-03-17 00:46:08  [ pool-4-thread-11:29653 ] - [ INFO ]  HHH000232: Schema update complete
2016-03-17 00:46:08  [ pool-4-thread-11:29654 ] - [ INFO ]  created table /Users/steve/oncore-consulting/web/src/main/webapp/destination/mapping/newreport/report_newreport_1458026806421/newreport.xml
2016-03-17 00:46:08  [ pool-4-thread-11:29654 ] - [ INFO ]  creating table /Users/steve/oncore-consulting/web/src/main/webapp/destination/mapping/xindemodule/report_xindemodule_1457994914673/xindemodule.xml
2016-03-17 00:46:08  [ pool-4-thread-11:29654 ] - [ INFO ]  HHH000220: Reading mappings from file: /Users/steve/oncore-consulting/web/src/main/webapp/destination/mapping/xindemodule/report_xindemodule_1457994914673/xindemodule.xml
2016-03-17 00:46:08  [ pool-4-thread-12:29897 ] - [ INFO ]  reading groovy file...
2016-03-17 00:46:08  [ pool-4-thread-12:29898 ] - [ INFO ]  file path.../destination/groovy/updatedmodule/updatedmodule_1457995506699/updatedmodule.groovy
2016-03-17 00:46:08  [ pool-4-thread-12:29898 ] - [ INFO ]  registering bd....
2016-03-17 00:46:08  [ pool-4-thread-12:29898 ] - [ INFO ]  registered bd....
2016-03-17 00:46:08  [ pool-4-thread-12:29898 ] - [ INFO ]  reading groovy file...
2016-03-17 00:46:08  [ pool-4-thread-12:29898 ] - [ INFO ]  file path.../destination/groovy/new_format/report_new_format_1458062158015/new format.groovy
2016-03-17 00:46:08  [ pool-4-thread-12:29899 ] - [ INFO ]  registering bd....
2016-03-17 00:46:08  [ pool-4-thread-12:29899 ] - [ INFO ]  registered bd....
2016-03-17 00:46:08  [ pool-4-thread-12:29899 ] - [ INFO ]  reading groovy file...
2016-03-17 00:46:08  [ pool-4-thread-12:29899 ] - [ INFO ]  file path.../destination/groovy/newreport/report_newreport_1458026806421/newreport.groovy
2016-03-17 00:46:08  [ pool-4-thread-12:29899 ] - [ INFO ]  registering bd....
2016-03-17 00:46:08  [ pool-4-thread-12:29899 ] - [ INFO ]  registered bd....
2016-03-17 00:46:08  [ pool-4-thread-12:29900 ] - [ INFO ]  reading groovy file...
2016-03-17 00:46:08  [ pool-4-thread-12:29900 ] - [ INFO ]  file path.../destination/groovy/wordformattest/report_wordformattest_1458061370336/wordformattest.groovy
2016-03-17 00:46:08  [ pool-4-thread-12:29900 ] - [ INFO ]  registering bd....
2016-03-17 00:46:08  [ pool-4-thread-12:29900 ] - [ INFO ]  registered bd....
2016-03-17 00:46:08  [ pool-4-thread-12:29900 ] - [ INFO ]  reading groovy file...
2016-03-17 00:46:08  [ pool-4-thread-12:29900 ] - [ INFO ]  file path.../destination/groovy/reorpt/report_reorpt_1458019390828/reorpt.groovy
2016-03-17 00:46:08  [ pool-4-thread-12:29900 ] - [ INFO ]  registering bd....
2016-03-17 00:46:08  [ pool-4-thread-12:29900 ] - [ INFO ]  registered bd....
2016-03-17 00:46:08  [ pool-4-thread-12:29901 ] - [ INFO ]  reading groovy file...
2016-03-17 00:46:08  [ pool-4-thread-12:29901 ] - [ INFO ]  file path.../destination/groovy/xindemodule/report_xindemodule_1457994914673/xindemodule.groovy
2016-03-17 00:46:08  [ pool-4-thread-12:29901 ] - [ INFO ]  registering bd....
2016-03-17 00:46:08  [ pool-4-thread-12:29901 ] - [ INFO ]  registered bd....
2016-03-17 00:46:08  [ pool-4-thread-11:29971 ] - [ INFO ]  HHH000228: Running hbm2ddl schema update
2016-03-17 00:46:08  [ pool-4-thread-11:29971 ] - [ INFO ]  HHH000102: Fetching database metadata
2016-03-17 00:46:09  [ pool-4-thread-11:31065 ] - [ INFO ]  HHH000396: Updating schema
2016-03-17 00:46:09  [ pool-4-thread-11:31067 ] - [ INFO ]  HHH000417: Writing generated schema to file: /Users/steve/oncore-consulting/web/src/main/webapp/destination/mapping/xindemodule/report_xindemodule_1457994914673/report_xindemodule_1457994914673
2016-03-17 00:46:10  [ pool-4-thread-11:31562 ] - [ INFO ]  HHH000261: Table found: hibt.report_xindemodule_1457994914673
2016-03-17 00:46:10  [ pool-4-thread-11:31563 ] - [ INFO ]  HHH000037: Columns: [deleted, generated, employee_name_2c9f940b5371936a015371975aad0002, id, userid]
2016-03-17 00:46:10  [ pool-4-thread-11:31563 ] - [ INFO ]  HHH000108: Foreign keys: []
2016-03-17 00:46:10  [ pool-4-thread-11:31563 ] - [ INFO ]  HHH000126: Indexes: [primary]
2016-03-17 00:46:10  [ pool-4-thread-11:31564 ] - [ INFO ]  HHH000232: Schema update complete
2016-03-17 00:46:10  [ pool-4-thread-11:31564 ] - [ INFO ]  created table /Users/steve/oncore-consulting/web/src/main/webapp/destination/mapping/xindemodule/report_xindemodule_1457994914673/xindemodule.xml
2016-03-17 00:46:50  [ qtp203048480-18:71774 ] - [ WARN ]  No mapping found for HTTP request with URI [/oauth/token] in DispatcherServlet with name 'spring-dispatcher'
2016-03-17 01:01:12  [ qtp203048480-13:933848 ] - [ WARN ]  No mapping found for HTTP request with URI [/oauth/token] in DispatcherServlet with name 'spring-dispatcher'
2016-03-17 01:02:42  [ Thread-1:1024205 ] - [ INFO ]  Closing WebApplicationContext for namespace 'spring-dispatcher-servlet': startup date [Thu Mar 17 00:45:51 EDT 2016]; parent: Root WebApplicationContext
2016-03-17 01:03:59  [ main:12578 ] - [ INFO ]  FrameworkServlet 'spring-dispatcher': initialization started
2016-03-17 01:03:59  [ main:12585 ] - [ INFO ]  Refreshing WebApplicationContext for namespace 'spring-dispatcher-servlet': startup date [Thu Mar 17 01:03:59 EDT 2016]; parent: Root WebApplicationContext
2016-03-17 01:03:59  [ main:12586 ] - [ INFO ]  Loading XML bean definitions from ServletContext resource [/WEB-INF/spring-context.xml]
2016-03-17 01:03:59  [ main:12624 ] - [ INFO ]  Loading XML bean definitions from URL [jar:file:/Users/steve/.m2/repository/com/oncore/oncore-consulting-template-management/1.0-SNAPSHOT/oncore-consulting-template-management-1.0-SNAPSHOT.jar!/spring-context-template-management.xml]
2016-03-17 01:03:59  [ main:12679 ] - [ INFO ]  Loading XML bean definitions from URL [jar:file:/Users/steve/.m2/repository/com/oncore/oncore-consulting-common/1.0-SNAPSHOT/oncore-consulting-common-1.0-SNAPSHOT.jar!/spring/spring-context-common.xml]
2016-03-17 01:03:59  [ main:12705 ] - [ INFO ]  Loading XML bean definitions from class path resource [spring/spring-hibernate.xml]
2016-03-17 01:03:59  [ main:12732 ] - [ INFO ]  Loading XML bean definitions from class path resource [spring/spring-mvc.xml]
2016-03-17 01:03:59  [ main:12784 ] - [ INFO ]  Loading XML bean definitions from URL [jar:file:/Users/steve/.m2/repository/com/oncore/oncore-consulting-database-management/1.0-SNAPSHOT/oncore-consulting-database-management-1.0-SNAPSHOT.jar!/spring/spring-context-data-management.xml]
2016-03-17 01:03:59  [ main:12820 ] - [ INFO ]  Loading XML bean definitions from URL [jar:file:/Users/steve/.m2/repository/com/oncore/oncore-consulting-user/1.0-SNAPSHOT/oncore-consulting-user-1.0-SNAPSHOT.jar!/spring/spring-context-user.xml]
2016-03-17 01:04:00  [ main:12901 ] - [ INFO ]  Overriding bean definition for bean 'dynamicTableInitor': replacing [Generic bean: class [com.oncore.web.init.DynamicTableInitor]; scope=singleton; abstract=false; lazyInit=false; autowireMode=0; dependencyCheck=0; autowireCandidate=true; primary=false; factoryBeanName=null; factoryMethodName=null; initMethodName=null; destroyMethodName=null; defined in file [/Users/steve/oncore-consulting/web/target/classes/com/oncore/web/init/DynamicTableInitor.class]] with [Generic bean: class [com.oncore.web.init.DynamicTableInitor]; scope=; abstract=false; lazyInit=true; autowireMode=0; dependencyCheck=0; autowireCandidate=true; primary=false; factoryBeanName=null; factoryMethodName=null; initMethodName=init; destroyMethodName=null; defined in ServletContext resource [/WEB-INF/spring-context.xml]]
2016-03-17 01:04:00  [ main:12972 ] - [ INFO ]  Loading properties file from class path resource [properties/hibernate-development.properties]
2016-03-17 01:04:00  [ main:12974 ] - [ INFO ]  Loading properties file from class path resource [properties/app-development.properties]
2016-03-17 01:04:00  [ main:12978 ] - [ INFO ]  JSR-330 'javax.inject.Inject' annotation found and supported for autowiring
2016-03-17 01:04:00  [ main:13142 ] - [ INFO ]  Initializing c3p0 pool... com.mchange.v2.c3p0.ComboPooledDataSource [ acquireIncrement -> 3, acquireRetryAttempts -> 30, acquireRetryDelay -> 1000, autoCommitOnClose -> false, automaticTestTable -> null, breakAfterAcquireFailure -> false, checkoutTimeout -> 0, connectionCustomizerClassName -> null, connectionTesterClassName -> com.mchange.v2.c3p0.impl.DefaultConnectionTester, contextClassLoaderSource -> caller, dataSourceName -> 1hge13g9f10c3sw1xlpvhk|681311a7, debugUnreturnedConnectionStackTraces -> false, description -> null, driverClass -> com.mysql.jdbc.Driver, extensions -> {}, factoryClassLocation -> null, forceIgnoreUnresolvedTransactions -> false, forceSynchronousCheckins -> false, forceUseNamedDriverClass -> false, identityToken -> 1hge13g9f10c3sw1xlpvhk|681311a7, idleConnectionTestPeriod -> 0, initialPoolSize -> 1, jdbcUrl -> jdbc:mysql://oncore.cpyegapwfsa6.us-west-2.rds.amazonaws.com:3306/hibt, maxAdministrativeTaskTime -> 0, maxConnectionAge -> 0, maxIdleTime -> 1, maxIdleTimeExcessConnections -> 0, maxPoolSize -> 40, maxStatements -> 0, maxStatementsPerConnection -> 0, minPoolSize -> 1, numHelperThreads -> 3, preferredTestQuery -> null, privilegeSpawnedThreads -> false, properties -> {user=******, password=******}, propertyCycle -> 0, statementCacheNumDeferredCloseThreads -> 0, testConnectionOnCheckin -> false, testConnectionOnCheckout -> false, unreturnedConnectionTimeout -> 0, userOverrides -> {}, usesTraditionalReflectiveProxies -> false ]
2016-03-17 01:04:01  [ main:14282 ] - [ INFO ]  HHH000400: Using dialect: org.hibernate.dialect.MySQLDialect
2016-03-17 01:04:01  [ main:14306 ] - [ INFO ]  HHH000399: Using default transaction strategy (direct JDBC transactions)
2016-03-17 01:04:01  [ main:14308 ] - [ INFO ]  HHH000397: Using ASTQueryTranslatorFactory
2016-03-17 01:04:01  [ main:14463 ] - [ INFO ]  HHH000228: Running hbm2ddl schema update
2016-03-17 01:04:01  [ main:14464 ] - [ INFO ]  HHH000102: Fetching database metadata
2016-03-17 01:04:01  [ main:14472 ] - [ INFO ]  HHH000396: Updating schema
2016-03-17 01:04:02  [ main:14998 ] - [ INFO ]  HHH000261: Table found: hibt.element
2016-03-17 01:04:02  [ main:15000 ] - [ INFO ]  HHH000037: Columns: [createtime, deleted, module_id, name, description, id, updatetime]
2016-03-17 01:04:02  [ main:15002 ] - [ INFO ]  HHH000108: Foreign keys: []
2016-03-17 01:04:02  [ main:15003 ] - [ INFO ]  HHH000126: Indexes: [primary]
2016-03-17 01:04:02  [ main:15516 ] - [ INFO ]  HHH000261: Table found: hibt.entity
2016-03-17 01:04:02  [ main:15516 ] - [ INFO ]  HHH000037: Columns: [createtime, deleted, module_id, name, description, id, updatetime, tablename, hbmpath]
2016-03-17 01:04:02  [ main:15517 ] - [ INFO ]  HHH000108: Foreign keys: []
2016-03-17 01:04:02  [ main:15517 ] - [ INFO ]  HHH000126: Indexes: [primary]
2016-03-17 01:04:03  [ main:16026 ] - [ INFO ]  HHH000261: Table found: hibt.field
2016-03-17 01:04:03  [ main:16026 ] - [ INFO ]  HHH000037: Columns: [createtime, deleted, module_id, name, length, description, ifnull, id, updatetime, fieldtype, entity_id]
2016-03-17 01:04:03  [ main:16027 ] - [ INFO ]  HHH000108: Foreign keys: [fk_o596lc80ccb1rgvhnoku4fdo9]
2016-03-17 01:04:03  [ main:16028 ] - [ INFO ]  HHH000126: Indexes: [fk_o596lc80ccb1rgvhnoku4fdo9, primary]
2016-03-17 01:04:03  [ main:16532 ] - [ INFO ]  HHH000261: Table found: hibt.file_element
2016-03-17 01:04:03  [ main:16532 ] - [ INFO ]  HHH000037: Columns: [createtime, deleted, module_id, parentfoldid, name, description, id, updatetime]
2016-03-17 01:04:03  [ main:16533 ] - [ INFO ]  HHH000108: Foreign keys: []
2016-03-17 01:04:03  [ main:16533 ] - [ INFO ]  HHH000126: Indexes: [primary]
2016-03-17 01:04:04  [ main:17039 ] - [ INFO ]  HHH000261: Table found: hibt.folder_file_element
2016-03-17 01:04:04  [ main:17040 ] - [ INFO ]  HHH000037: Columns: [createtime, deleted, module_id, parentfoldid, depth, name, description, id, updatetime]
2016-03-17 01:04:04  [ main:17041 ] - [ INFO ]  HHH000108: Foreign keys: []
2016-03-17 01:04:04  [ main:17041 ] - [ INFO ]  HHH000126: Indexes: [primary]
2016-03-17 01:04:04  [ main:17542 ] - [ INFO ]  HHH000261: Table found: hibt.module
2016-03-17 01:04:04  [ main:17543 ] - [ INFO ]  HHH000037: Columns: [createtime, deleted, module_id, name, description, id, updatetime]
2016-03-17 01:04:04  [ main:17543 ] - [ INFO ]  HHH000108: Foreign keys: []
2016-03-17 01:04:04  [ main:17544 ] - [ INFO ]  HHH000126: Indexes: [primary]
2016-03-17 01:04:05  [ main:18052 ] - [ INFO ]  HHH000261: Table found: hibt.report_field
2016-03-17 01:04:05  [ main:18053 ] - [ INFO ]  HHH000037: Columns: [createtime, length, description, relatedfield_id, fieldtype, deleted, module_id, report_id, name, ifnull, id, updatetime, isrelatedfield]
2016-03-17 01:04:05  [ main:18054 ] - [ INFO ]  HHH000108: Foreign keys: [fk_qmru8iktsptb9m0nt6a5kj7yr, fk_t5oxbvi73rrwmoroikmhldvg9]
2016-03-17 01:04:05  [ main:18054 ] - [ INFO ]  HHH000126: Indexes: [fk_qmru8iktsptb9m0nt6a5kj7yr, fk_t5oxbvi73rrwmoroikmhldvg9, primary]
2016-03-17 01:04:05  [ main:18560 ] - [ INFO ]  HHH000261: Table found: hibt.report_file_element
2016-03-17 01:04:05  [ main:18562 ] - [ INFO ]  HHH000037: Columns: [createtime, parentfoldid, currentversion, description, folderid, hbmpath, deleted, module_id, name, id, updatetime, tablename, templatepath]
2016-03-17 01:04:05  [ main:18562 ] - [ INFO ]  HHH000108: Foreign keys: []
2016-03-17 01:04:05  [ main:18563 ] - [ INFO ]  HHH000126: Indexes: [primary]
2016-03-17 01:04:05  [ main:18563 ] - [ INFO ]  HHH000232: Schema update complete
2016-03-17 01:04:05  [ main:18588 ] - [ INFO ]  setting application context...
2016-03-17 01:04:05  [ main:18640 ] - [ INFO ]  Using DataSource [com.mchange.v2.c3p0.ComboPooledDataSource[ identityToken -> 1hge13g9f10c3sw1xlpvhk|681311a7, dataSourceName -> 1hge13g9f10c3sw1xlpvhk|681311a7 ]] of Hibernate SessionFactory for HibernateTransactionManager
2016-03-17 01:04:05  [ main:18655 ] - [ INFO ]  Mapped "{[/admin/entities/{id}],methods=[DELETE],produces=[application/json]}" onto public org.springframework.http.ResponseEntity com.oncore.template.controller.EntityResource.delete(java.lang.String)
2016-03-17 01:04:05  [ main:18656 ] - [ INFO ]  Mapped "{[/admin/entities/{id}],methods=[GET],produces=[application/json]}" onto public com.oncore.template.transfd.entities.EntityResponse com.oncore.template.controller.EntityResource.getEntity(java.lang.String)
2016-03-17 01:04:05  [ main:18656 ] - [ INFO ]  Mapped "{[/admin/entities/{id}],methods=[PUT],produces=[application/json]}" onto public com.oncore.template.transfd.entities.EntityResponse com.oncore.template.controller.EntityResource.updateEntity(com.oncore.template.transfd.entities.UpdateEntityRequest)
2016-03-17 01:04:05  [ main:18657 ] - [ INFO ]  Mapped "{[/admin/entities/],methods=[GET],produces=[application/json]}" onto public java.util.List<com.oncore.template.transfd.entities.EntityResponse> com.oncore.template.controller.EntityResource.getEntities()
2016-03-17 01:04:05  [ main:18662 ] - [ INFO ]  Mapped "{[/admin/folders/{id}],methods=[GET],produces=[application/json]}" onto public com.oncore.template.transfd.file_element.folder.FolderResponse com.oncore.template.controller.FolderResource.getFolder(java.lang.String)
2016-03-17 01:04:05  [ main:18664 ] - [ INFO ]  Mapped "{[/admin/folders/{parent_id}/sub_folder/],methods=[POST],produces=[application/json]}" onto public com.oncore.template.transfd.file_element.folder.FolderResponse com.oncore.template.controller.FolderResource.createSubFolderToParent(java.lang.String,com.oncore.template.transfd.file_element.folder.CreateFolderToParentFolderRequest)
2016-03-17 01:04:05  [ main:18665 ] - [ INFO ]  Mapped "{[/admin/folders/{folderId}/reports/],methods=[GET],produces=[application/json]}" onto public java.util.List<com.oncore.template.transfd.report.ReportResponse> com.oncore.template.controller.FolderResource.getReportsUnderFolder(java.lang.String)
2016-03-17 01:04:05  [ main:18665 ] - [ INFO ]  Mapped "{[/admin/folders/{parent_id}/sub_folder/],methods=[GET],produces=[application/json]}" onto public java.util.List<com.oncore.template.transfd.file_element.folder.FolderResponse> com.oncore.template.controller.FolderResource.getChildFoldersUnderParentFolder(java.lang.String)
2016-03-17 01:04:05  [ main:18666 ] - [ INFO ]  Mapped "{[/admin/folders/{folderId}/reports/],methods=[POST],produces=[application/json]}" onto public org.springframework.http.ResponseEntity<com.oncore.template.transfd.report.ReportResponse> com.oncore.template.controller.FolderResource.createReportsUnderFolder(java.lang.String,com.oncore.template.transfd.report.CreateReportRequest)
2016-03-17 01:04:05  [ main:18666 ] - [ INFO ]  Mapped "{[/admin/folders/{id}/],methods=[PUT],produces=[application/json]}" onto public com.oncore.template.transfd.file_element.folder.FolderResponse com.oncore.template.controller.FolderResource.updateFolder(java.lang.String,com.oncore.template.transfd.file_element.folder.UpdateFolderRequest)
2016-03-17 01:04:05  [ main:18667 ] - [ INFO ]  Mapped "{[/admin/folders/{id}/],methods=[DELETE],produces=[application/json]}" onto public org.springframework.http.ResponseEntity com.oncore.template.controller.FolderResource.deleteFolder(java.lang.String)
2016-03-17 01:04:05  [ main:18669 ] - [ INFO ]  Mapped "{[/admin/modules/{id}/],methods=[GET],produces=[application/json]}" onto public com.oncore.template.transfd.module.ModuleResponse com.oncore.template.controller.ModuleResource.getModule(java.lang.String)
2016-03-17 01:04:05  [ main:18669 ] - [ INFO ]  Mapped "{[/admin/modules/],methods=[GET],produces=[application/json]}" onto public java.util.List<com.oncore.template.transfd.module.ModuleResponse> com.oncore.template.controller.ModuleResource.getModules()
2016-03-17 01:04:05  [ main:18669 ] - [ INFO ]  Mapped "{[/admin/modules/],methods=[POST],produces=[application/json]}" onto public com.oncore.template.transfd.module.ModuleResponse com.oncore.template.controller.ModuleResource.createModule(com.oncore.template.transfd.module.CreateModuleRequest)
2016-03-17 01:04:05  [ main:18670 ] - [ INFO ]  Mapped "{[/admin/modules/{id}/],methods=[PUT],produces=[application/json]}" onto public com.oncore.template.transfd.module.ModuleResponse com.oncore.template.controller.ModuleResource.updateModule(java.lang.String,com.oncore.template.transfd.module.CreateModuleRequest)
2016-03-17 01:04:05  [ main:18671 ] - [ INFO ]  Mapped "{[/admin/modules/{id}/entities/],methods=[GET],produces=[application/json]}" onto public java.util.List<com.oncore.template.transfd.entities.EntityResponse> com.oncore.template.controller.ModuleResource.getEntitiesOfModule(java.lang.String)
2016-03-17 01:04:05  [ main:18672 ] - [ INFO ]  Mapped "{[/admin/modules/{id}/folders/],methods=[GET],produces=[application/json]}" onto public java.util.List<com.oncore.template.transfd.file_element.folder.FolderResponse> com.oncore.template.controller.ModuleResource.getFoldersOfModule(java.lang.String)
2016-03-17 01:04:05  [ main:18673 ] - [ INFO ]  Mapped "{[/admin/modules/{id}/folders/],methods=[POST],produces=[application/json]}" onto public com.oncore.template.transfd.file_element.folder.FolderResponse com.oncore.template.controller.ModuleResource.createFolderUnderModule(java.lang.String,com.oncore.template.transfd.file_element.folder.CreateRootFolderRequest)
2016-03-17 01:04:05  [ main:18673 ] - [ INFO ]  Mapped "{[/admin/modules/{id}/entities/],methods=[POST],produces=[application/json]}" onto public com.oncore.template.transfd.entities.EntityResponse com.oncore.template.controller.ModuleResource.createEntityUnderModule(java.lang.String,com.oncore.template.transfd.entities.CreateEntityRequest)
2016-03-17 01:04:05  [ main:18675 ] - [ INFO ]  Mapped "{[/admin/modules/{id}/tree/],methods=[GET],produces=[application/json]}" onto public com.oncore.template.transfd.module.ModuleTreeResponse com.oncore.template.controller.ModuleResource.getModuleTree(java.lang.String)
2016-03-17 01:04:05  [ main:18676 ] - [ INFO ]  Mapped "{[/admin/reports/{id}/],methods=[DELETE],produces=[application/json]}" onto public org.springframework.http.ResponseEntity com.oncore.template.controller.ReportResource.delete(java.lang.String)
2016-03-17 01:04:05  [ main:18677 ] - [ INFO ]  Mapped "{[/admin/reports/],methods=[GET],produces=[application/json]}" onto public java.util.List<com.oncore.template.transfd.report.ReportResponse> com.oncore.template.controller.ReportResource.getReports()
2016-03-17 01:04:05  [ main:18677 ] - [ INFO ]  Mapped "{[/admin/reports/{id}/],methods=[GET],produces=[application/json]}" onto public com.oncore.template.transfd.report.ReportResponse com.oncore.template.controller.ReportResource.gerReport(java.lang.String)
2016-03-17 01:04:05  [ main:18678 ] - [ INFO ]  Mapped "{[/admin/reports/{id}/],methods=[PUT],produces=[application/json]}" onto public org.springframework.http.ResponseEntity com.oncore.template.controller.ReportResource.updateReport(java.lang.String,com.oncore.template.transfd.report.CreateReportRequest)
2016-03-17 01:04:05  [ main:18679 ] - [ INFO ]  Mapped "{[/user/entities/{entity_id}/],methods=[POST],produces=[application/json]}" onto public org.springframework.http.ResponseEntity com.oncore.user.controller.UserEntityController.insertEntity(java.lang.String,java.util.Map) throws java.sql.SQLException
2016-03-17 01:04:05  [ main:18680 ] - [ INFO ]  Mapped "{[/user/entities/{entity_id}/],methods=[GET],produces=[application/json]}" onto public org.springframework.http.ResponseEntity com.oncore.user.controller.UserEntityController.listEntities(java.lang.String) throws java.sql.SQLException
2016-03-17 01:04:05  [ main:18681 ] - [ INFO ]  Mapped "{[/user/reports/{report_id}/record/]}" onto public org.springframework.http.ResponseEntity com.oncore.user.controller.UserReportController.listReport(java.lang.String) throws java.sql.SQLException
2016-03-17 01:04:05  [ main:18681 ] - [ INFO ]  Mapped "{[/user/reports/{report_table_id}/desc/]}" onto public org.springframework.http.ResponseEntity com.oncore.user.controller.UserReportController.getReportDescription(java.lang.String)
2016-03-17 01:04:05  [ main:18682 ] - [ INFO ]  Mapped "{[/user/reports/{report_id}/record/],methods=[POST]}" onto public org.springframework.http.ResponseEntity com.oncore.user.controller.UserReportController.insertReport(java.lang.String,java.util.Map) throws java.sql.SQLException
2016-03-17 01:04:05  [ main:18683 ] - [ INFO ]  Mapped "{[/user/reports/{report_table_id}/record/{report_id}/]}" onto public org.springframework.http.ResponseEntity com.oncore.user.controller.UserReportController.getReport(java.lang.String,int) throws java.sql.SQLException
2016-03-17 01:04:05  [ main:18807 ] - [ INFO ]  Looking for @ControllerAdvice: WebApplicationContext for namespace 'spring-dispatcher-servlet': startup date [Thu Mar 17 01:03:59 EDT 2016]; parent: Root WebApplicationContext
2016-03-17 01:04:06  [ main:18852 ] - [ INFO ]  Looking for @ControllerAdvice: WebApplicationContext for namespace 'spring-dispatcher-servlet': startup date [Thu Mar 17 01:03:59 EDT 2016]; parent: Root WebApplicationContext
2016-03-17 01:04:06  [ main:18921 ] - [ INFO ]  Detected @ExceptionHandler methods in commonExceptionHandler
2016-03-17 01:04:06  [ main:19071 ] - [ INFO ]  running GroovyFactory...
2016-03-17 01:04:06  [ pool-4-thread-11:19071 ] - [ INFO ]  running table creator...
2016-03-17 01:04:06  [ main:19105 ] - [ INFO ]  start init entity tables...
2016-03-17 01:04:07  [ main:20374 ] - [ INFO ]  initing entity eeeee_1457993567275...
2016-03-17 01:04:07  [ main:20374 ] - [ INFO ]  initing entity updatedmodule_1457995506699...
2016-03-17 01:04:07  [ main:20375 ] - [ INFO ]  initing entity entity__E_m_p_l_o_y_e_e__1458190174656...
2016-03-17 01:04:07  [ pool-4-thread-1:20375 ] - [ INFO ]  created hibernate mapping file for eeeee at /Users/steve/oncore-consulting/web/src/main/webapp/destination/mapping/eeeee/eeeee_1457993567275/eeeee.xml
2016-03-17 01:04:07  [ pool-4-thread-3:20376 ] - [ INFO ]  created hibernate mapping file for updatedmodule at /Users/steve/oncore-consulting/web/src/main/webapp/destination/mapping/updatedmodule/updatedmodule_1457995506699/updatedmodule.xml
2016-03-17 01:04:07  [ pool-4-thread-5:20376 ] - [ INFO ]  created hibernate mapping file for Employee at /Users/steve/oncore-consulting/web/src/main/webapp/destination/mapping/Employee/entity__E_m_p_l_o_y_e_e__1458190174656/Employee.xml
2016-03-17 01:04:07  [ pool-4-thread-1:20549 ] - [ INFO ]  created file at /Users/steve/oncore-consulting/web/src/main/webapp/destination/mapping/eeeee/eeeee_1457993567275/eeeee.xml
2016-03-17 01:04:07  [ pool-4-thread-11:20549 ] - [ INFO ]  creating table /Users/steve/oncore-consulting/web/src/main/webapp/destination/mapping/eeeee/eeeee_1457993567275/eeeee.xml
2016-03-17 01:04:07  [ pool-4-thread-2:20550 ] - [ INFO ]  created groovy dao file for eeeee at /Users/steve/oncore-consulting/web/src/main/webapp/destination/groovy/eeeee/eeeee_1457993567275/eeeee.groovy
2016-03-17 01:04:07  [ pool-4-thread-3:20550 ] - [ INFO ]  created file at /Users/steve/oncore-consulting/web/src/main/webapp/destination/mapping/updatedmodule/updatedmodule_1457995506699/updatedmodule.xml
2016-03-17 01:04:07  [ pool-4-thread-11:20551 ] - [ INFO ]  HHH000220: Reading mappings from file: /Users/steve/oncore-consulting/web/src/main/webapp/destination/mapping/eeeee/eeeee_1457993567275/eeeee.xml
2016-03-17 01:04:07  [ pool-4-thread-5:20552 ] - [ INFO ]  created file at /Users/steve/oncore-consulting/web/src/main/webapp/destination/mapping/Employee/entity__E_m_p_l_o_y_e_e__1458190174656/Employee.xml
2016-03-17 01:04:07  [ pool-4-thread-4:20552 ] - [ INFO ]  created groovy dao file for updatedmodule at /Users/steve/oncore-consulting/web/src/main/webapp/destination/groovy/updatedmodule/updatedmodule_1457995506699/updatedmodule.groovy
2016-03-17 01:04:07  [ pool-4-thread-6:20553 ] - [ INFO ]  created groovy dao file for Employee at /Users/steve/oncore-consulting/web/src/main/webapp/destination/groovy/Employee/entity__E_m_p_l_o_y_e_e__1458190174656/Employee.groovy
2016-03-17 01:04:07  [ pool-4-thread-2:20560 ] - [ INFO ]  created file at /Users/steve/oncore-consulting/web/src/main/webapp/destination/groovy/eeeee/eeeee_1457993567275/eeeee.groovy
2016-03-17 01:04:07  [ pool-4-thread-4:20560 ] - [ INFO ]  created file at /Users/steve/oncore-consulting/web/src/main/webapp/destination/groovy/updatedmodule/updatedmodule_1457995506699/updatedmodule.groovy
2016-03-17 01:04:07  [ pool-4-thread-12:20561 ] - [ INFO ]  reading groovy file...
2016-03-17 01:04:07  [ pool-4-thread-6:20561 ] - [ INFO ]  created file at /Users/steve/oncore-consulting/web/src/main/webapp/destination/groovy/Employee/entity__E_m_p_l_o_y_e_e__1458190174656/Employee.groovy
2016-03-17 01:04:07  [ pool-4-thread-12:20561 ] - [ INFO ]  file path.../destination/groovy/eeeee/eeeee_1457993567275/eeeee.groovy
2016-03-17 01:04:07  [ pool-4-thread-12:20564 ] - [ INFO ]  registering bd....
2016-03-17 01:04:07  [ pool-4-thread-12:20564 ] - [ INFO ]  registered bd....
2016-03-17 01:04:07  [ pool-4-thread-12:20564 ] - [ INFO ]  waiting for other task finished...preCreatingFileQueue size=0...preCreatingTableQueue size = 2
2016-03-17 01:04:09  [ pool-4-thread-1:22049 ] - [ INFO ]  created hibernate mapping file for newreport at /Users/steve/oncore-consulting/web/src/main/webapp/destination/mapping/newreport/report_newreport_1458026806421/newreport.xml
2016-03-17 01:04:09  [ pool-4-thread-9:22049 ] - [ INFO ]  created hibernate mapping file for reorpt at /Users/steve/oncore-consulting/web/src/main/webapp/destination/mapping/reorpt/report_reorpt_1458019390828/reorpt.xml
2016-03-17 01:04:09  [ pool-4-thread-7:22049 ] - [ INFO ]  created hibernate mapping file for xindemodule at /Users/steve/oncore-consulting/web/src/main/webapp/destination/mapping/xindemodule/report_xindemodule_1457994914673/xindemodule.xml
2016-03-17 01:04:09  [ pool-4-thread-5:22049 ] - [ INFO ]  created hibernate mapping file for wordformattest at /Users/steve/oncore-consulting/web/src/main/webapp/destination/mapping/wordformattest/report_wordformattest_1458061370336/wordformattest.xml
2016-03-17 01:04:09  [ pool-4-thread-3:22050 ] - [ INFO ]  created hibernate mapping file for new format at /Users/steve/oncore-consulting/web/src/main/webapp/destination/mapping/new_format/report_new_format_1458062158015/new format.xml
2016-03-17 01:04:09  [ pool-4-thread-1:22054 ] - [ INFO ]  created file at /Users/steve/oncore-consulting/web/src/main/webapp/destination/mapping/newreport/report_newreport_1458026806421/newreport.xml
2016-03-17 01:04:09  [ pool-4-thread-3:22056 ] - [ INFO ]  created file at /Users/steve/oncore-consulting/web/src/main/webapp/destination/mapping/new_format/report_new_format_1458062158015/new format.xml
2016-03-17 01:04:09  [ pool-4-thread-7:22057 ] - [ INFO ]  created file at /Users/steve/oncore-consulting/web/src/main/webapp/destination/mapping/xindemodule/report_xindemodule_1457994914673/xindemodule.xml
2016-03-17 01:04:09  [ pool-4-thread-5:22058 ] - [ INFO ]  created file at /Users/steve/oncore-consulting/web/src/main/webapp/destination/mapping/wordformattest/report_wordformattest_1458061370336/wordformattest.xml
2016-03-17 01:04:09  [ pool-4-thread-9:22059 ] - [ INFO ]  created file at /Users/steve/oncore-consulting/web/src/main/webapp/destination/mapping/reorpt/report_reorpt_1458019390828/reorpt.xml
2016-03-17 01:04:09  [ pool-4-thread-8:22058 ] - [ INFO ]  created report groovy dao file for newreport at /Users/steve/oncore-consulting/web/src/main/webapp/destination/groovy/newreport/report_newreport_1458026806421/newreport.groovy
2016-03-17 01:04:09  [ pool-4-thread-4:22060 ] - [ INFO ]  created report groovy dao file for wordformattest at /Users/steve/oncore-consulting/web/src/main/webapp/destination/groovy/wordformattest/report_wordformattest_1458061370336/wordformattest.groovy
2016-03-17 01:04:09  [ pool-4-thread-6:22061 ] - [ INFO ]  created report groovy dao file for reorpt at /Users/steve/oncore-consulting/web/src/main/webapp/destination/groovy/reorpt/report_reorpt_1458019390828/reorpt.groovy
2016-03-17 01:04:09  [ pool-4-thread-2:22059 ] - [ INFO ]  created report groovy dao file for xindemodule at /Users/steve/oncore-consulting/web/src/main/webapp/destination/groovy/xindemodule/report_xindemodule_1457994914673/xindemodule.groovy
2016-03-17 01:04:09  [ pool-4-thread-10:22059 ] - [ INFO ]  created report groovy dao file for new format at /Users/steve/oncore-consulting/web/src/main/webapp/destination/groovy/new_format/report_new_format_1458062158015/new format.groovy
2016-03-17 01:04:09  [ pool-4-thread-10:22120 ] - [ INFO ]  created file at /Users/steve/oncore-consulting/web/src/main/webapp/destination/groovy/new_format/report_new_format_1458062158015/new format.groovy
2016-03-17 01:04:09  [ pool-4-thread-2:22142 ] - [ INFO ]  created file at /Users/steve/oncore-consulting/web/src/main/webapp/destination/groovy/xindemodule/report_xindemodule_1457994914673/xindemodule.groovy
2016-03-17 01:04:09  [ pool-4-thread-8:22160 ] - [ INFO ]  created file at /Users/steve/oncore-consulting/web/src/main/webapp/destination/groovy/newreport/report_newreport_1458026806421/newreport.groovy
2016-03-17 01:04:09  [ pool-4-thread-6:22160 ] - [ INFO ]  created file at /Users/steve/oncore-consulting/web/src/main/webapp/destination/groovy/reorpt/report_reorpt_1458019390828/reorpt.groovy
2016-03-17 01:04:09  [ pool-4-thread-4:22161 ] - [ INFO ]  created file at /Users/steve/oncore-consulting/web/src/main/webapp/destination/groovy/wordformattest/report_wordformattest_1458061370336/wordformattest.groovy
2016-03-17 01:04:09  [ pool-4-thread-11:22313 ] - [ INFO ]  HHH000228: Running hbm2ddl schema update
2016-03-17 01:04:09  [ pool-4-thread-11:22314 ] - [ INFO ]  HHH000102: Fetching database metadata
2016-03-17 01:04:10  [ main:23189 ] - [ INFO ]  FrameworkServlet 'spring-dispatcher': initialization completed in 10607 ms
2016-03-17 01:04:10  [ pool-4-thread-11:23679 ] - [ INFO ]  HHH000396: Updating schema
2016-03-17 01:04:10  [ pool-4-thread-11:23680 ] - [ INFO ]  HHH000417: Writing generated schema to file: /Users/steve/oncore-consulting/web/src/main/webapp/destination/mapping/eeeee/eeeee_1457993567275/eeeee_1457993567275
2016-03-17 01:04:11  [ pool-4-thread-11:24219 ] - [ INFO ]  HHH000261: Table found: hibt.eeeee_1457993567275
2016-03-17 01:04:11  [ pool-4-thread-11:24219 ] - [ INFO ]  HHH000037: Columns: [deleted, name, id, userid]
2016-03-17 01:04:11  [ pool-4-thread-11:24220 ] - [ INFO ]  HHH000108: Foreign keys: []
2016-03-17 01:04:11  [ pool-4-thread-11:24220 ] - [ INFO ]  HHH000126: Indexes: [primary]
2016-03-17 01:04:11  [ pool-4-thread-11:24221 ] - [ INFO ]  HHH000232: Schema update complete
2016-03-17 01:04:11  [ pool-4-thread-11:24221 ] - [ INFO ]  created table /Users/steve/oncore-consulting/web/src/main/webapp/destination/mapping/eeeee/eeeee_1457993567275/eeeee.xml
2016-03-17 01:04:11  [ pool-4-thread-11:24221 ] - [ INFO ]  creating table /Users/steve/oncore-consulting/web/src/main/webapp/destination/mapping/updatedmodule/updatedmodule_1457995506699/updatedmodule.xml
2016-03-17 01:04:11  [ pool-4-thread-11:24222 ] - [ INFO ]  HHH000220: Reading mappings from file: /Users/steve/oncore-consulting/web/src/main/webapp/destination/mapping/updatedmodule/updatedmodule_1457995506699/updatedmodule.xml
2016-03-17 01:04:11  [ pool-4-thread-11:24580 ] - [ INFO ]  HHH000228: Running hbm2ddl schema update
2016-03-17 01:04:11  [ pool-4-thread-11:24580 ] - [ INFO ]  HHH000102: Fetching database metadata
2016-03-17 01:04:11  [ pool-4-thread-11:24581 ] - [ INFO ]  HHH000396: Updating schema
2016-03-17 01:04:11  [ pool-4-thread-11:24581 ] - [ INFO ]  HHH000417: Writing generated schema to file: /Users/steve/oncore-consulting/web/src/main/webapp/destination/mapping/updatedmodule/updatedmodule_1457995506699/updatedmodule_1457995506699
2016-03-17 01:04:12  [ pool-4-thread-11:25100 ] - [ INFO ]  HHH000261: Table found: hibt.updatedmodule_1457995506699
2016-03-17 01:04:12  [ pool-4-thread-11:25101 ] - [ INFO ]  HHH000037: Columns: [deleted, name, id, userid]
2016-03-17 01:04:12  [ pool-4-thread-11:25101 ] - [ INFO ]  HHH000108: Foreign keys: []
2016-03-17 01:04:12  [ pool-4-thread-11:25101 ] - [ INFO ]  HHH000126: Indexes: [primary]
2016-03-17 01:04:12  [ pool-4-thread-11:25101 ] - [ INFO ]  HHH000232: Schema update complete
2016-03-17 01:04:12  [ pool-4-thread-11:25101 ] - [ INFO ]  created table /Users/steve/oncore-consulting/web/src/main/webapp/destination/mapping/updatedmodule/updatedmodule_1457995506699/updatedmodule.xml
2016-03-17 01:04:12  [ pool-4-thread-11:25102 ] - [ INFO ]  creating table /Users/steve/oncore-consulting/web/src/main/webapp/destination/mapping/Employee/entity__E_m_p_l_o_y_e_e__1458190174656/Employee.xml
2016-03-17 01:04:12  [ pool-4-thread-11:25102 ] - [ INFO ]  HHH000220: Reading mappings from file: /Users/steve/oncore-consulting/web/src/main/webapp/destination/mapping/Employee/entity__E_m_p_l_o_y_e_e__1458190174656/Employee.xml
2016-03-17 01:04:12  [ pool-4-thread-11:25456 ] - [ INFO ]  HHH000228: Running hbm2ddl schema update
2016-03-17 01:04:12  [ pool-4-thread-11:25458 ] - [ INFO ]  HHH000102: Fetching database metadata
2016-03-17 01:04:12  [ pool-4-thread-12:25567 ] - [ INFO ]  waiting for other task finished...preCreatingFileQueue size=0...preCreatingTableQueue size = 5
2016-03-17 01:04:13  [ pool-4-thread-11:26583 ] - [ INFO ]  HHH000396: Updating schema
2016-03-17 01:04:13  [ pool-4-thread-11:26584 ] - [ INFO ]  HHH000417: Writing generated schema to file: /Users/steve/oncore-consulting/web/src/main/webapp/destination/mapping/Employee/entity__E_m_p_l_o_y_e_e__1458190174656/entity__E_m_p_l_o_y_e_e__1458190174656
2016-03-17 01:04:14  [ pool-4-thread-11:27087 ] - [ INFO ]  HHH000261: Table found: hibt.entity__E_m_p_l_o_y_e_e__1458190174656
2016-03-17 01:04:14  [ pool-4-thread-11:27087 ] - [ INFO ]  HHH000037: Columns: [deleted, ssnumber, last_name, id, userid, first_name]
2016-03-17 01:04:14  [ pool-4-thread-11:27087 ] - [ INFO ]  HHH000108: Foreign keys: []
2016-03-17 01:04:14  [ pool-4-thread-11:27087 ] - [ INFO ]  HHH000126: Indexes: [primary]
2016-03-17 01:04:14  [ pool-4-thread-11:27088 ] - [ INFO ]  HHH000232: Schema update complete
2016-03-17 01:04:14  [ pool-4-thread-11:27088 ] - [ INFO ]  created table /Users/steve/oncore-consulting/web/src/main/webapp/destination/mapping/Employee/entity__E_m_p_l_o_y_e_e__1458190174656/Employee.xml
2016-03-17 01:04:14  [ pool-4-thread-11:27088 ] - [ INFO ]  creating table /Users/steve/oncore-consulting/web/src/main/webapp/destination/mapping/newreport/report_newreport_1458026806421/newreport.xml
2016-03-17 01:04:14  [ pool-4-thread-11:27089 ] - [ INFO ]  HHH000220: Reading mappings from file: /Users/steve/oncore-consulting/web/src/main/webapp/destination/mapping/newreport/report_newreport_1458026806421/newreport.xml
2016-03-17 01:04:14  [ pool-4-thread-11:27426 ] - [ INFO ]  HHH000228: Running hbm2ddl schema update
2016-03-17 01:04:14  [ pool-4-thread-11:27426 ] - [ INFO ]  HHH000102: Fetching database metadata
2016-03-17 01:04:14  [ pool-4-thread-11:27427 ] - [ INFO ]  HHH000396: Updating schema
2016-03-17 01:04:14  [ pool-4-thread-11:27427 ] - [ INFO ]  HHH000417: Writing generated schema to file: /Users/steve/oncore-consulting/web/src/main/webapp/destination/mapping/newreport/report_newreport_1458026806421/report_newreport_1458026806421
2016-03-17 01:04:15  [ pool-4-thread-11:27932 ] - [ INFO ]  HHH000261: Table found: hibt.report_newreport_1458026806421
2016-03-17 01:04:15  [ pool-4-thread-11:27932 ] - [ INFO ]  HHH000037: Columns: [deleted, generated, id, userid, eeeee_name_2c9f940b53772a7e015377304c4b0001]
2016-03-17 01:04:15  [ pool-4-thread-11:27932 ] - [ INFO ]  HHH000108: Foreign keys: []
2016-03-17 01:04:15  [ pool-4-thread-11:27932 ] - [ INFO ]  HHH000126: Indexes: [primary]
2016-03-17 01:04:15  [ pool-4-thread-11:27933 ] - [ INFO ]  HHH000232: Schema update complete
2016-03-17 01:04:15  [ pool-4-thread-11:27933 ] - [ INFO ]  created table /Users/steve/oncore-consulting/web/src/main/webapp/destination/mapping/newreport/report_newreport_1458026806421/newreport.xml
2016-03-17 01:04:15  [ pool-4-thread-11:27933 ] - [ INFO ]  creating table /Users/steve/oncore-consulting/web/src/main/webapp/destination/mapping/new_format/report_new_format_1458062158015/new format.xml
2016-03-17 01:04:15  [ pool-4-thread-11:27934 ] - [ INFO ]  HHH000220: Reading mappings from file: /Users/steve/oncore-consulting/web/src/main/webapp/destination/mapping/new_format/report_new_format_1458062158015/new format.xml
2016-03-17 01:04:15  [ pool-4-thread-11:28255 ] - [ INFO ]  HHH000228: Running hbm2ddl schema update
2016-03-17 01:04:15  [ pool-4-thread-11:28255 ] - [ INFO ]  HHH000102: Fetching database metadata
2016-03-17 01:04:16  [ pool-4-thread-11:29366 ] - [ INFO ]  HHH000396: Updating schema
2016-03-17 01:04:16  [ pool-4-thread-11:29366 ] - [ INFO ]  HHH000417: Writing generated schema to file: /Users/steve/oncore-consulting/web/src/main/webapp/destination/mapping/new_format/report_new_format_1458062158015/report_new_format_1458062158015
2016-03-17 01:04:17  [ pool-4-thread-11:29865 ] - [ INFO ]  HHH000261: Table found: hibt.report_new_format_1458062158015
2016-03-17 01:04:17  [ pool-4-thread-11:29865 ] - [ INFO ]  HHH000037: Columns: [deleted, generated, id, userid]
2016-03-17 01:04:17  [ pool-4-thread-11:29866 ] - [ INFO ]  HHH000108: Foreign keys: []
2016-03-17 01:04:17  [ pool-4-thread-11:29866 ] - [ INFO ]  HHH000126: Indexes: [primary]
2016-03-17 01:04:17  [ pool-4-thread-11:29866 ] - [ INFO ]  HHH000232: Schema update complete
2016-03-17 01:04:17  [ pool-4-thread-11:29867 ] - [ INFO ]  created table /Users/steve/oncore-consulting/web/src/main/webapp/destination/mapping/new_format/report_new_format_1458062158015/new format.xml
2016-03-17 01:04:17  [ pool-4-thread-11:29867 ] - [ INFO ]  creating table /Users/steve/oncore-consulting/web/src/main/webapp/destination/mapping/xindemodule/report_xindemodule_1457994914673/xindemodule.xml
2016-03-17 01:04:17  [ pool-4-thread-11:29867 ] - [ INFO ]  HHH000220: Reading mappings from file: /Users/steve/oncore-consulting/web/src/main/webapp/destination/mapping/xindemodule/report_xindemodule_1457994914673/xindemodule.xml
2016-03-17 01:04:17  [ pool-4-thread-11:30201 ] - [ INFO ]  HHH000228: Running hbm2ddl schema update
2016-03-17 01:04:17  [ pool-4-thread-11:30202 ] - [ INFO ]  HHH000102: Fetching database metadata
2016-03-17 01:04:17  [ pool-4-thread-11:30203 ] - [ INFO ]  HHH000396: Updating schema
2016-03-17 01:04:17  [ pool-4-thread-11:30203 ] - [ INFO ]  HHH000417: Writing generated schema to file: /Users/steve/oncore-consulting/web/src/main/webapp/destination/mapping/xindemodule/report_xindemodule_1457994914673/report_xindemodule_1457994914673
2016-03-17 01:04:17  [ pool-4-thread-12:30573 ] - [ INFO ]  waiting for other task finished...preCreatingFileQueue size=0...preCreatingTableQueue size = 2
2016-03-17 01:04:17  [ pool-4-thread-11:30716 ] - [ INFO ]  HHH000261: Table found: hibt.report_xindemodule_1457994914673
2016-03-17 01:04:17  [ pool-4-thread-11:30717 ] - [ INFO ]  HHH000037: Columns: [deleted, generated, employee_name_2c9f940b5371936a015371975aad0002, id, userid]
2016-03-17 01:04:17  [ pool-4-thread-11:30717 ] - [ INFO ]  HHH000108: Foreign keys: []
2016-03-17 01:04:17  [ pool-4-thread-11:30717 ] - [ INFO ]  HHH000126: Indexes: [primary]
2016-03-17 01:04:17  [ pool-4-thread-11:30718 ] - [ INFO ]  HHH000232: Schema update complete
2016-03-17 01:04:17  [ pool-4-thread-11:30718 ] - [ INFO ]  created table /Users/steve/oncore-consulting/web/src/main/webapp/destination/mapping/xindemodule/report_xindemodule_1457994914673/xindemodule.xml
2016-03-17 01:04:17  [ pool-4-thread-11:30718 ] - [ INFO ]  creating table /Users/steve/oncore-consulting/web/src/main/webapp/destination/mapping/wordformattest/report_wordformattest_1458061370336/wordformattest.xml
2016-03-17 01:04:17  [ pool-4-thread-11:30719 ] - [ INFO ]  HHH000220: Reading mappings from file: /Users/steve/oncore-consulting/web/src/main/webapp/destination/mapping/wordformattest/report_wordformattest_1458061370336/wordformattest.xml
2016-03-17 01:04:18  [ pool-4-thread-11:31032 ] - [ INFO ]  HHH000228: Running hbm2ddl schema update
2016-03-17 01:04:18  [ pool-4-thread-11:31033 ] - [ INFO ]  HHH000102: Fetching database metadata
2016-03-17 01:04:19  [ pool-4-thread-11:32143 ] - [ INFO ]  HHH000396: Updating schema
2016-03-17 01:04:19  [ pool-4-thread-11:32144 ] - [ INFO ]  HHH000417: Writing generated schema to file: /Users/steve/oncore-consulting/web/src/main/webapp/destination/mapping/wordformattest/report_wordformattest_1458061370336/report_wordformattest_1458061370336
2016-03-17 01:04:19  [ pool-4-thread-11:32647 ] - [ INFO ]  HHH000261: Table found: hibt.report_wordformattest_1458061370336
2016-03-17 01:04:19  [ pool-4-thread-11:32648 ] - [ INFO ]  HHH000037: Columns: [deleted, generated, id, userid]
2016-03-17 01:04:19  [ pool-4-thread-11:32648 ] - [ INFO ]  HHH000108: Foreign keys: []
2016-03-17 01:04:19  [ pool-4-thread-11:32648 ] - [ INFO ]  HHH000126: Indexes: [primary]
2016-03-17 01:04:19  [ pool-4-thread-11:32648 ] - [ INFO ]  HHH000232: Schema update complete
2016-03-17 01:04:19  [ pool-4-thread-11:32649 ] - [ INFO ]  created table /Users/steve/oncore-consulting/web/src/main/webapp/destination/mapping/wordformattest/report_wordformattest_1458061370336/wordformattest.xml
2016-03-17 01:04:19  [ pool-4-thread-11:32649 ] - [ INFO ]  creating table /Users/steve/oncore-consulting/web/src/main/webapp/destination/mapping/reorpt/report_reorpt_1458019390828/reorpt.xml
2016-03-17 01:04:19  [ pool-4-thread-11:32649 ] - [ INFO ]  HHH000220: Reading mappings from file: /Users/steve/oncore-consulting/web/src/main/webapp/destination/mapping/reorpt/report_reorpt_1458019390828/reorpt.xml
2016-03-17 01:04:20  [ pool-4-thread-11:32973 ] - [ INFO ]  HHH000228: Running hbm2ddl schema update
2016-03-17 01:04:20  [ pool-4-thread-11:32973 ] - [ INFO ]  HHH000102: Fetching database metadata
2016-03-17 01:04:20  [ pool-4-thread-11:32974 ] - [ INFO ]  HHH000396: Updating schema
2016-03-17 01:04:20  [ pool-4-thread-11:32974 ] - [ INFO ]  HHH000417: Writing generated schema to file: /Users/steve/oncore-consulting/web/src/main/webapp/destination/mapping/reorpt/report_reorpt_1458019390828/report_reorpt_1458019390828
2016-03-17 01:04:20  [ pool-4-thread-11:33495 ] - [ INFO ]  HHH000261: Table found: hibt.report_reorpt_1458019390828
2016-03-17 01:04:20  [ pool-4-thread-11:33495 ] - [ INFO ]  HHH000037: Columns: [deleted, generated, updatedmodule_name_2c9f940b537747460153774de41e0001, id, userid, eeeee_name_2c9f940b53772a7e015377304c4b0001]
2016-03-17 01:04:20  [ pool-4-thread-11:33495 ] - [ INFO ]  HHH000108: Foreign keys: []
2016-03-17 01:04:20  [ pool-4-thread-11:33495 ] - [ INFO ]  HHH000126: Indexes: [primary]
2016-03-17 01:04:20  [ pool-4-thread-11:33495 ] - [ INFO ]  HHH000232: Schema update complete
2016-03-17 01:04:20  [ pool-4-thread-11:33496 ] - [ INFO ]  created table /Users/steve/oncore-consulting/web/src/main/webapp/destination/mapping/reorpt/report_reorpt_1458019390828/reorpt.xml
2016-03-17 01:04:22  [ pool-4-thread-12:35577 ] - [ INFO ]  reading groovy file...
2016-03-17 01:04:22  [ pool-4-thread-12:35577 ] - [ INFO ]  file path.../destination/groovy/updatedmodule/updatedmodule_1457995506699/updatedmodule.groovy
2016-03-17 01:04:22  [ pool-4-thread-12:35578 ] - [ INFO ]  registering bd....
2016-03-17 01:04:22  [ pool-4-thread-12:35578 ] - [ INFO ]  registered bd....
2016-03-17 01:04:22  [ pool-4-thread-12:35578 ] - [ INFO ]  reading groovy file...
2016-03-17 01:04:22  [ pool-4-thread-12:35578 ] - [ INFO ]  file path.../destination/groovy/Employee/entity__E_m_p_l_o_y_e_e__1458190174656/Employee.groovy
2016-03-17 01:04:22  [ pool-4-thread-12:35578 ] - [ INFO ]  registering bd....
2016-03-17 01:04:22  [ pool-4-thread-12:35578 ] - [ INFO ]  registered bd....
2016-03-17 01:04:22  [ pool-4-thread-12:35579 ] - [ INFO ]  reading groovy file...
2016-03-17 01:04:22  [ pool-4-thread-12:35579 ] - [ INFO ]  file path.../destination/groovy/new_format/report_new_format_1458062158015/new format.groovy
2016-03-17 01:04:22  [ pool-4-thread-12:35579 ] - [ INFO ]  registering bd....
2016-03-17 01:04:22  [ pool-4-thread-12:35579 ] - [ INFO ]  registered bd....
2016-03-17 01:04:22  [ pool-4-thread-12:35579 ] - [ INFO ]  reading groovy file...
2016-03-17 01:04:22  [ pool-4-thread-12:35579 ] - [ INFO ]  file path.../destination/groovy/xindemodule/report_xindemodule_1457994914673/xindemodule.groovy
2016-03-17 01:04:22  [ pool-4-thread-12:35579 ] - [ INFO ]  registering bd....
2016-03-17 01:04:22  [ pool-4-thread-12:35579 ] - [ INFO ]  registered bd....
2016-03-17 01:04:22  [ pool-4-thread-12:35579 ] - [ INFO ]  reading groovy file...
2016-03-17 01:04:22  [ pool-4-thread-12:35579 ] - [ INFO ]  file path.../destination/groovy/newreport/report_newreport_1458026806421/newreport.groovy
2016-03-17 01:04:22  [ pool-4-thread-12:35580 ] - [ INFO ]  registering bd....
2016-03-17 01:04:22  [ pool-4-thread-12:35580 ] - [ INFO ]  registered bd....
2016-03-17 01:04:22  [ pool-4-thread-12:35580 ] - [ INFO ]  reading groovy file...
2016-03-17 01:04:22  [ pool-4-thread-12:35580 ] - [ INFO ]  file path.../destination/groovy/reorpt/report_reorpt_1458019390828/reorpt.groovy
2016-03-17 01:04:22  [ pool-4-thread-12:35580 ] - [ INFO ]  registering bd....
2016-03-17 01:04:22  [ pool-4-thread-12:35580 ] - [ INFO ]  registered bd....
2016-03-17 01:04:22  [ pool-4-thread-12:35580 ] - [ INFO ]  reading groovy file...
2016-03-17 01:04:22  [ pool-4-thread-12:35580 ] - [ INFO ]  file path.../destination/groovy/wordformattest/report_wordformattest_1458061370336/wordformattest.groovy
2016-03-17 01:04:22  [ pool-4-thread-12:35581 ] - [ INFO ]  registering bd....
2016-03-17 01:04:22  [ pool-4-thread-12:35581 ] - [ INFO ]  registered bd....
2016-03-17 01:07:20  [ qtp203048480-19:213255 ] - [ WARN ]  No mapping found for HTTP request with URI [/oauth/token] in DispatcherServlet with name 'spring-dispatcher'
2016-03-17 15:22:19  [ qtp203048480-13:51512289 ] - [ WARN ]  No mapping found for HTTP request with URI [/oauth/token] in DispatcherServlet with name 'spring-dispatcher'
